================================================== stage: s1-init ==================================================
---------------------------------- mission: MD236ACFDC4, driver: driver1 ----------------------------------
2024-03-09 17:03:06,004 [INFO] [Log4jLogManager] - will append log to file /root/0.4.2.c4/log/mission/MD236ACFDC4.log
2024-03-09 17:03:06,217 [INFO] [NoneStorage] - performing PUT at /RCO3Z1
2024-03-09 17:03:06,220 [INFO] [NoneStorage] - performing PUT at /RCO3Z10
2024-03-09 17:03:06,220 [INFO] [NoneStorage] - performing PUT at /RCO3Z13
2024-03-09 17:03:06,220 [INFO] [NoneStorage] - performing PUT at /RCO3Z12
2024-03-09 17:03:06,220 [INFO] [NoneStorage] - performing PUT at /RCO3Z11
2024-03-09 17:03:06,219 [INFO] [NoneStorage] - performing PUT at /RCO3Z8
2024-03-09 17:03:06,219 [INFO] [NoneStorage] - performing PUT at /RCO3Z9
2024-03-09 17:03:06,219 [INFO] [NoneStorage] - performing PUT at /RCO3Z7
2024-03-09 17:03:06,219 [INFO] [NoneStorage] - performing PUT at /RCO3Z6
2024-03-09 17:03:06,219 [INFO] [NoneStorage] - performing PUT at /RCO3Z5
2024-03-09 17:03:06,218 [INFO] [NoneStorage] - performing PUT at /RCO3Z4
2024-03-09 17:03:06,217 [INFO] [NoneStorage] - performing PUT at /RCO3Z2
2024-03-09 17:03:06,217 [INFO] [NoneStorage] - performing PUT at /RCO3Z3
================================================== stage: s2-main ==================================================
---------------------------------- mission: MF236AE8251, driver: driver1 ----------------------------------
2024-03-09 17:03:13,005 [INFO] [Log4jLogManager] - will append log to file /root/0.4.2.c4/log/mission/MF236AE8251.log
2024-03-09 17:03:13,216 [INFO] [NoneStorage] - performing PUT at /RCO3Z1/myobjects1
2024-03-09 17:03:13,219 [INFO] [NoneStorage] - performing PUT at /RCO3Z7/myobjects7
2024-03-09 17:03:13,218 [INFO] [NoneStorage] - performing PUT at /RCO3Z6/myobjects6
2024-03-09 17:03:13,218 [INFO] [NoneStorage] - performing PUT at /RCO3Z8/myobjects8
2024-03-09 17:03:13,217 [INFO] [NoneStorage] - performing PUT at /RCO3Z5/myobjects5
2024-03-09 17:03:13,217 [INFO] [NoneStorage] - performing PUT at /RCO3Z3/myobjects3
2024-03-09 17:03:13,217 [INFO] [NoneStorage] - performing PUT at /RCO3Z4/myobjects4
2024-03-09 17:03:13,217 [INFO] [NoneStorage] - performing PUT at /RCO3Z2/myobjects2
2024-03-09 17:03:13,518 [INFO] [NoneStorage] - performing PUT at /RCO3Z9/myobjects9
2024-03-09 17:03:13,518 [INFO] [NoneStorage] - performing PUT at /RCO3Z10/myobjects10
2024-03-09 17:03:13,551 [INFO] [NoneStorage] - performing PUT at /RCO3Z11/myobjects11
2024-03-09 17:03:13,563 [INFO] [NoneStorage] - performing PUT at /RCO3Z12/myobjects12
2024-03-09 17:03:13,563 [INFO] [NoneStorage] - performing PUT at /RCO3Z13/myobjects13
2024-03-09 17:03:13,567 [INFO] [NoneStorage] - performing PUT at /RCO3Z1/myobjects14
2024-03-09 17:03:13,658 [INFO] [NoneStorage] - performing PUT at /RCO3Z2/myobjects15
2024-03-09 17:03:13,661 [INFO] [NoneStorage] - performing PUT at /RCO3Z3/myobjects16
2024-03-09 17:03:13,815 [INFO] [NoneStorage] - performing PUT at /RCO3Z4/myobjects17
2024-03-09 17:03:13,846 [INFO] [NoneStorage] - performing PUT at /RCO3Z5/myobjects18
2024-03-09 17:03:13,878 [INFO] [NoneStorage] - performing PUT at /RCO3Z6/myobjects19
2024-03-09 17:03:13,955 [INFO] [NoneStorage] - performing PUT at /RCO3Z7/myobjects20
2024-03-09 17:03:13,960 [INFO] [NoneStorage] - performing PUT at /RCO3Z8/myobjects21
2024-03-09 17:03:13,981 [INFO] [NoneStorage] - performing PUT at /RCO3Z9/myobjects22
2024-03-09 17:03:14,003 [INFO] [NoneStorage] - performing PUT at /RCO3Z10/myobjects23
2024-03-09 17:03:14,058 [INFO] [NoneStorage] - performing PUT at /RCO3Z11/myobjects24
2024-03-09 17:03:14,141 [INFO] [NoneStorage] - performing PUT at /RCO3Z12/myobjects25
2024-03-09 17:03:14,165 [INFO] [NoneStorage] - performing PUT at /RCO3Z13/myobjects26
2024-03-09 17:03:14,203 [INFO] [NoneStorage] - performing PUT at /RCO3Z1/myobjects27
2024-03-09 17:03:14,261 [INFO] [NoneStorage] - performing PUT at /RCO3Z2/myobjects28
2024-03-09 17:03:14,344 [INFO] [NoneStorage] - performing PUT at /RCO3Z3/myobjects29
2024-03-09 17:03:14,434 [INFO] [NoneStorage] - performing PUT at /RCO3Z4/myobjects30
2024-03-09 17:03:14,436 [INFO] [NoneStorage] - performing PUT at /RCO3Z5/myobjects31
2024-03-09 17:03:14,470 [INFO] [NoneStorage] - performing PUT at /RCO3Z6/myobjects32
2024-03-09 17:03:14,481 [INFO] [NoneStorage] - performing PUT at /RCO3Z7/myobjects33
2024-03-09 17:03:14,528 [INFO] [NoneStorage] - performing PUT at /RCO3Z8/myobjects34
2024-03-09 17:03:14,688 [INFO] [NoneStorage] - performing PUT at /RCO3Z9/myobjects35
2024-03-09 17:03:14,689 [INFO] [NoneStorage] - performing PUT at /RCO3Z10/myobjects36
2024-03-09 17:03:14,728 [INFO] [NoneStorage] - performing PUT at /RCO3Z11/myobjects37
2024-03-09 17:03:14,730 [INFO] [NoneStorage] - performing PUT at /RCO3Z12/myobjects38
2024-03-09 17:03:14,749 [INFO] [NoneStorage] - performing PUT at /RCO3Z13/myobjects39
2024-03-09 17:03:14,823 [INFO] [NoneStorage] - performing PUT at /RCO3Z1/myobjects40
2024-03-09 17:03:14,891 [INFO] [NoneStorage] - performing PUT at /RCO3Z2/myobjects41
2024-03-09 17:03:14,972 [INFO] [NoneStorage] - performing PUT at /RCO3Z3/myobjects42
2024-03-09 17:03:15,015 [INFO] [NoneStorage] - performing PUT at /RCO3Z4/myobjects43
2024-03-09 17:03:15,082 [INFO] [NoneStorage] - performing PUT at /RCO3Z5/myobjects44
2024-03-09 17:03:15,083 [INFO] [NoneStorage] - performing PUT at /RCO3Z6/myobjects45
2024-03-09 17:03:15,134 [INFO] [NoneStorage] - performing PUT at /RCO3Z7/myobjects46
2024-03-09 17:03:15,134 [INFO] [NoneStorage] - performing PUT at /RCO3Z8/myobjects47
2024-03-09 17:03:15,137 [INFO] [NoneStorage] - performing PUT at /RCO3Z9/myobjects48
2024-03-09 17:03:15,402 [INFO] [NoneStorage] - performing PUT at /RCO3Z10/myobjects49
2024-03-09 17:03:15,404 [INFO] [NoneStorage] - performing PUT at /RCO3Z11/myobjects50
2024-03-09 17:03:15,437 [INFO] [NoneStorage] - performing PUT at /RCO3Z12/myobjects51
2024-03-09 17:03:15,474 [INFO] [NoneStorage] - performing PUT at /RCO3Z13/myobjects52
2024-03-09 17:03:15,509 [INFO] [NoneStorage] - performing PUT at /RCO3Z1/myobjects53
2024-03-09 17:03:15,686 [INFO] [NoneStorage] - performing PUT at /RCO3Z2/myobjects54
2024-03-09 17:03:15,750 [INFO] [NoneStorage] - performing PUT at /RCO3Z3/myobjects55
2024-03-09 17:03:15,751 [INFO] [NoneStorage] - performing PUT at /RCO3Z4/myobjects56
2024-03-09 17:03:15,821 [INFO] [NoneStorage] - performing PUT at /RCO3Z5/myobjects57
2024-03-09 17:03:15,913 [INFO] [NoneStorage] - performing PUT at /RCO3Z6/myobjects58
2024-03-09 17:03:15,948 [INFO] [NoneStorage] - performing PUT at /RCO3Z7/myobjects59
2024-03-09 17:03:15,961 [INFO] [NoneStorage] - performing PUT at /RCO3Z8/myobjects60
2024-03-09 17:03:16,062 [INFO] [NoneStorage] - performing PUT at /RCO3Z9/myobjects61
2024-03-09 17:03:16,327 [INFO] [NoneStorage] - performing PUT at /RCO3Z10/myobjects62
2024-03-09 17:03:16,331 [INFO] [NoneStorage] - performing PUT at /RCO3Z11/myobjects63
2024-03-09 17:03:16,548 [INFO] [NoneStorage] - performing PUT at /RCO3Z12/myobjects64
2024-03-09 17:03:16,548 [INFO] [NoneStorage] - performing PUT at /RCO3Z13/myobjects65
2024-03-09 17:03:16,573 [INFO] [NoneStorage] - performing PUT at /RCO3Z1/myobjects66
2024-03-09 17:03:16,634 [INFO] [NoneStorage] - performing PUT at /RCO3Z2/myobjects67
2024-03-09 17:03:16,649 [INFO] [NoneStorage] - performing PUT at /RCO3Z3/myobjects68
2024-03-09 17:03:16,798 [INFO] [NoneStorage] - performing PUT at /RCO3Z4/myobjects69
2024-03-09 17:03:16,893 [INFO] [NoneStorage] - performing PUT at /RCO3Z5/myobjects70
2024-03-09 17:03:16,894 [INFO] [NoneStorage] - performing PUT at /RCO3Z6/myobjects71
2024-03-09 17:03:16,969 [INFO] [NoneStorage] - performing PUT at /RCO3Z7/myobjects72
2024-03-09 17:03:17,122 [INFO] [NoneStorage] - performing PUT at /RCO3Z8/myobjects73
2024-03-09 17:03:17,195 [INFO] [NoneStorage] - performing PUT at /RCO3Z9/myobjects74
2024-03-09 17:03:17,209 [INFO] [NoneStorage] - performing PUT at /RCO3Z10/myobjects75
2024-03-09 17:03:17,211 [INFO] [NoneStorage] - performing PUT at /RCO3Z11/myobjects76
2024-03-09 17:03:17,223 [INFO] [NoneStorage] - performing PUT at /RCO3Z12/myobjects77
2024-03-09 17:03:17,226 [INFO] [NoneStorage] - performing PUT at /RCO3Z13/myobjects78
2024-03-09 17:03:17,348 [INFO] [NoneStorage] - performing PUT at /RCO3Z1/myobjects79
2024-03-09 17:03:17,484 [INFO] [NoneStorage] - performing PUT at /RCO3Z2/myobjects80
2024-03-09 17:03:17,568 [INFO] [NoneStorage] - performing PUT at /RCO3Z3/myobjects81
2024-03-09 17:03:17,621 [INFO] [NoneStorage] - performing PUT at /RCO3Z4/myobjects82
2024-03-09 17:03:17,900 [INFO] [NoneStorage] - performing PUT at /RCO3Z5/myobjects83
2024-03-09 17:03:17,901 [INFO] [NoneStorage] - performing PUT at /RCO3Z6/myobjects84
2024-03-09 17:03:17,904 [INFO] [NoneStorage] - performing PUT at /RCO3Z7/myobjects85
2024-03-09 17:03:17,964 [INFO] [NoneStorage] - performing PUT at /RCO3Z8/myobjects86
2024-03-09 17:03:17,996 [INFO] [NoneStorage] - performing PUT at /RCO3Z9/myobjects87
2024-03-09 17:03:17,998 [INFO] [NoneStorage] - performing PUT at /RCO3Z10/myobjects88
2024-03-09 17:03:18,141 [INFO] [NoneStorage] - performing PUT at /RCO3Z11/myobjects89
2024-03-09 17:03:18,142 [INFO] [NoneStorage] - performing PUT at /RCO3Z12/myobjects90
2024-03-09 17:03:18,334 [INFO] [NoneStorage] - performing PUT at /RCO3Z13/myobjects91
2024-03-09 17:03:18,382 [INFO] [NoneStorage] - performing PUT at /RCO3Z1/myobjects92
2024-03-09 17:03:18,431 [INFO] [NoneStorage] - performing PUT at /RCO3Z2/myobjects93
2024-03-09 17:03:18,432 [INFO] [NoneStorage] - performing PUT at /RCO3Z3/myobjects94
2024-03-09 17:03:18,490 [INFO] [NoneStorage] - performing PUT at /RCO3Z4/myobjects95
2024-03-09 17:03:18,512 [INFO] [NoneStorage] - performing PUT at /RCO3Z5/myobjects96
2024-03-09 17:03:18,517 [INFO] [NoneStorage] - performing PUT at /RCO3Z6/myobjects97
2024-03-09 17:03:18,602 [INFO] [NoneStorage] - performing PUT at /RCO3Z7/myobjects98
2024-03-09 17:03:18,637 [INFO] [NoneStorage] - performing PUT at /RCO3Z8/myobjects99
2024-03-09 17:03:18,669 [INFO] [NoneStorage] - performing PUT at /RCO3Z9/myobjects100
2024-03-09 17:03:18,711 [INFO] [NoneStorage] - performing PUT at /RCO3Z10/myobjects101
2024-03-09 17:03:18,798 [INFO] [NoneStorage] - performing PUT at /RCO3Z11/myobjects102
2024-03-09 17:03:18,800 [INFO] [NoneStorage] - performing PUT at /RCO3Z12/myobjects103
2024-03-09 17:03:18,801 [INFO] [NoneStorage] - performing PUT at /RCO3Z13/myobjects104
2024-03-09 17:03:18,832 [INFO] [NoneStorage] - performing PUT at /RCO3Z1/myobjects105
2024-03-09 17:03:18,964 [INFO] [NoneStorage] - performing PUT at /RCO3Z2/myobjects106
2024-03-09 17:03:19,025 [INFO] [NoneStorage] - performing PUT at /RCO3Z3/myobjects107
2024-03-09 17:03:19,030 [INFO] [NoneStorage] - performing PUT at /RCO3Z4/myobjects108
2024-03-09 17:03:19,082 [INFO] [NoneStorage] - performing PUT at /RCO3Z5/myobjects109
2024-03-09 17:03:19,098 [INFO] [NoneStorage] - performing PUT at /RCO3Z6/myobjects110
2024-03-09 17:03:19,109 [INFO] [NoneStorage] - performing PUT at /RCO3Z7/myobjects111
2024-03-09 17:03:19,217 [INFO] [NoneStorage] - performing PUT at /RCO3Z8/myobjects112
2024-03-09 17:03:19,223 [INFO] [NoneStorage] - performing PUT at /RCO3Z9/myobjects113
2024-03-09 17:03:19,317 [INFO] [NoneStorage] - performing PUT at /RCO3Z10/myobjects114
2024-03-09 17:03:19,413 [INFO] [NoneStorage] - performing PUT at /RCO3Z11/myobjects115
2024-03-09 17:03:19,449 [INFO] [NoneStorage] - performing PUT at /RCO3Z12/myobjects116
2024-03-09 17:03:19,467 [INFO] [NoneStorage] - performing PUT at /RCO3Z13/myobjects117
2024-03-09 17:03:19,507 [INFO] [NoneStorage] - performing PUT at /RCO3Z1/myobjects118
2024-03-09 17:03:19,510 [INFO] [NoneStorage] - performing PUT at /RCO3Z2/myobjects119
2024-03-09 17:03:19,562 [INFO] [NoneStorage] - performing PUT at /RCO3Z3/myobjects120
2024-03-09 17:03:19,588 [INFO] [NoneStorage] - performing PUT at /RCO3Z4/myobjects121
2024-03-09 17:03:19,669 [INFO] [NoneStorage] - performing PUT at /RCO3Z5/myobjects122
2024-03-09 17:03:19,698 [INFO] [NoneStorage] - performing PUT at /RCO3Z6/myobjects123
2024-03-09 17:03:19,731 [INFO] [NoneStorage] - performing PUT at /RCO3Z7/myobjects124
2024-03-09 17:03:19,790 [INFO] [NoneStorage] - performing PUT at /RCO3Z8/myobjects125
2024-03-09 17:03:19,790 [INFO] [NoneStorage] - performing PUT at /RCO3Z9/myobjects126
2024-03-09 17:03:19,793 [INFO] [NoneStorage] - performing PUT at /RCO3Z10/myobjects127
2024-03-09 17:03:19,834 [INFO] [NoneStorage] - performing PUT at /RCO3Z11/myobjects128
2024-03-09 17:03:19,953 [INFO] [NoneStorage] - performing PUT at /RCO3Z12/myobjects129
2024-03-09 17:03:20,005 [INFO] [NoneStorage] - performing PUT at /RCO3Z13/myobjects130
2024-03-09 17:03:20,141 [INFO] [NoneStorage] - performing PUT at /RCO3Z1/myobjects131
2024-03-09 17:03:20,171 [INFO] [NoneStorage] - performing PUT at /RCO3Z2/myobjects132
2024-03-09 17:03:20,254 [INFO] [NoneStorage] - performing PUT at /RCO3Z3/myobjects133
2024-03-09 17:03:20,255 [INFO] [NoneStorage] - performing PUT at /RCO3Z4/myobjects134
2024-03-09 17:03:20,259 [INFO] [NoneStorage] - performing PUT at /RCO3Z5/myobjects135
2024-03-09 17:03:20,261 [INFO] [NoneStorage] - performing PUT at /RCO3Z6/myobjects136
2024-03-09 17:03:20,409 [INFO] [NoneStorage] - performing PUT at /RCO3Z7/myobjects137
2024-03-09 17:03:20,485 [INFO] [NoneStorage] - performing PUT at /RCO3Z8/myobjects138
2024-03-09 17:03:20,618 [INFO] [NoneStorage] - performing PUT at /RCO3Z9/myobjects139
2024-03-09 17:03:20,620 [INFO] [NoneStorage] - performing PUT at /RCO3Z10/myobjects140
2024-03-09 17:03:20,675 [INFO] [NoneStorage] - performing PUT at /RCO3Z11/myobjects141
2024-03-09 17:03:20,905 [INFO] [NoneStorage] - performing PUT at /RCO3Z12/myobjects142
2024-03-09 17:03:20,908 [INFO] [NoneStorage] - performing PUT at /RCO3Z13/myobjects143
2024-03-09 17:03:20,911 [INFO] [NoneStorage] - performing PUT at /RCO3Z1/myobjects144
2024-03-09 17:03:21,039 [INFO] [NoneStorage] - performing PUT at /RCO3Z2/myobjects145
2024-03-09 17:03:21,045 [INFO] [NoneStorage] - performing PUT at /RCO3Z3/myobjects146
2024-03-09 17:03:21,232 [INFO] [NoneStorage] - performing PUT at /RCO3Z4/myobjects147
2024-03-09 17:03:21,234 [INFO] [NoneStorage] - performing PUT at /RCO3Z5/myobjects148
2024-03-09 17:03:21,282 [INFO] [NoneStorage] - performing PUT at /RCO3Z6/myobjects149
2024-03-09 17:03:21,511 [INFO] [NoneStorage] - performing PUT at /RCO3Z7/myobjects150
2024-03-09 17:03:21,561 [INFO] [NoneStorage] - performing PUT at /RCO3Z8/myobjects151
2024-03-09 17:03:21,671 [INFO] [NoneStorage] - performing PUT at /RCO3Z9/myobjects152
2024-03-09 17:03:21,676 [INFO] [NoneStorage] - performing PUT at /RCO3Z10/myobjects153
2024-03-09 17:03:21,715 [INFO] [NoneStorage] - performing PUT at /RCO3Z11/myobjects154
2024-03-09 17:03:22,026 [INFO] [NoneStorage] - performing PUT at /RCO3Z12/myobjects155
2024-03-09 17:03:22,054 [INFO] [NoneStorage] - performing PUT at /RCO3Z13/myobjects156
2024-03-09 17:03:22,060 [INFO] [NoneStorage] - performing PUT at /RCO3Z1/myobjects157
2024-03-09 17:03:22,080 [INFO] [NoneStorage] - performing PUT at /RCO3Z2/myobjects158
2024-03-09 17:03:22,257 [INFO] [NoneStorage] - performing PUT at /RCO3Z3/myobjects159
2024-03-09 17:03:22,471 [INFO] [NoneStorage] - performing PUT at /RCO3Z4/myobjects160
2024-03-09 17:03:22,593 [INFO] [NoneStorage] - performing PUT at /RCO3Z5/myobjects161
2024-03-09 17:03:22,853 [INFO] [NoneStorage] - performing PUT at /RCO3Z6/myobjects162
2024-03-09 17:03:22,879 [INFO] [NoneStorage] - performing PUT at /RCO3Z7/myobjects163
2024-03-09 17:03:22,944 [INFO] [NoneStorage] - performing PUT at /RCO3Z8/myobjects164
2024-03-09 17:03:22,996 [INFO] [NoneStorage] - performing PUT at /RCO3Z9/myobjects165
2024-03-09 17:03:22,997 [INFO] [NoneStorage] - performing PUT at /RCO3Z10/myobjects166
2024-03-09 17:03:23,162 [INFO] [NoneStorage] - performing PUT at /RCO3Z11/myobjects167
2024-03-09 17:03:23,407 [INFO] [NoneStorage] - performing PUT at /RCO3Z12/myobjects168
2024-03-09 17:03:23,486 [INFO] [NoneStorage] - performing PUT at /RCO3Z1/myobjects170
2024-03-09 17:03:23,486 [INFO] [NoneStorage] - performing PUT at /RCO3Z13/myobjects169
2024-03-09 17:03:23,549 [INFO] [NoneStorage] - performing PUT at /RCO3Z2/myobjects171
2024-03-09 17:03:23,737 [INFO] [NoneStorage] - performing PUT at /RCO3Z3/myobjects172
2024-03-09 17:03:23,776 [INFO] [NoneStorage] - performing PUT at /RCO3Z4/myobjects173
2024-03-09 17:03:23,860 [INFO] [NoneStorage] - performing PUT at /RCO3Z5/myobjects174
2024-03-09 17:03:23,873 [INFO] [NoneStorage] - performing PUT at /RCO3Z6/myobjects175
2024-03-09 17:03:23,909 [INFO] [NoneStorage] - performing PUT at /RCO3Z7/myobjects176
2024-03-09 17:03:24,021 [INFO] [NoneStorage] - performing PUT at /RCO3Z8/myobjects177
2024-03-09 17:03:24,064 [INFO] [NoneStorage] - performing PUT at /RCO3Z9/myobjects178
2024-03-09 17:03:24,125 [INFO] [NoneStorage] - performing PUT at /RCO3Z10/myobjects179
2024-03-09 17:03:24,128 [INFO] [NoneStorage] - performing PUT at /RCO3Z11/myobjects180
2024-03-09 17:03:24,183 [INFO] [NoneStorage] - performing PUT at /RCO3Z12/myobjects181
2024-03-09 17:03:24,283 [INFO] [NoneStorage] - performing PUT at /RCO3Z13/myobjects182
2024-03-09 17:03:24,374 [INFO] [NoneStorage] - performing PUT at /RCO3Z1/myobjects183
2024-03-09 17:03:24,375 [INFO] [NoneStorage] - performing PUT at /RCO3Z2/myobjects184
2024-03-09 17:03:24,424 [INFO] [NoneStorage] - performing PUT at /RCO3Z3/myobjects185
2024-03-09 17:03:24,640 [INFO] [NoneStorage] - performing PUT at /RCO3Z4/myobjects186
2024-03-09 17:03:24,647 [INFO] [NoneStorage] - performing PUT at /RCO3Z5/myobjects187
2024-03-09 17:03:24,669 [INFO] [NoneStorage] - performing PUT at /RCO3Z6/myobjects188
2024-03-09 17:03:24,676 [INFO] [NoneStorage] - performing PUT at /RCO3Z7/myobjects189
2024-03-09 17:03:24,758 [INFO] [NoneStorage] - performing PUT at /RCO3Z8/myobjects190
2024-03-09 17:03:24,788 [INFO] [NoneStorage] - performing PUT at /RCO3Z9/myobjects191
2024-03-09 17:03:24,811 [INFO] [NoneStorage] - performing PUT at /RCO3Z10/myobjects192
2024-03-09 17:03:24,842 [INFO] [NoneStorage] - performing PUT at /RCO3Z11/myobjects193
2024-03-09 17:03:25,044 [INFO] [NoneStorage] - performing PUT at /RCO3Z12/myobjects194
2024-03-09 17:03:25,087 [INFO] [NoneStorage] - performing PUT at /RCO3Z13/myobjects195
2024-03-09 17:03:25,090 [INFO] [NoneStorage] - performing PUT at /RCO3Z1/myobjects196
2024-03-09 17:03:25,094 [INFO] [NoneStorage] - performing PUT at /RCO3Z2/myobjects197
2024-03-09 17:03:25,214 [INFO] [NoneStorage] - performing PUT at /RCO3Z3/myobjects198
2024-03-09 17:03:25,215 [INFO] [NoneStorage] - performing PUT at /RCO3Z4/myobjects199
2024-03-09 17:03:25,281 [INFO] [NoneStorage] - performing PUT at /RCO3Z5/myobjects200
2024-03-09 17:03:25,297 [INFO] [NoneStorage] - performing PUT at /RCO3Z6/myobjects201
2024-03-09 17:03:25,546 [INFO] [NoneStorage] - performing PUT at /RCO3Z7/myobjects202
2024-03-09 17:03:25,547 [INFO] [NoneStorage] - performing PUT at /RCO3Z8/myobjects203
2024-03-09 17:03:25,637 [INFO] [NoneStorage] - performing PUT at /RCO3Z9/myobjects204
2024-03-09 17:03:25,728 [INFO] [NoneStorage] - performing PUT at /RCO3Z10/myobjects205
2024-03-09 17:03:25,729 [INFO] [NoneStorage] - performing PUT at /RCO3Z11/myobjects206
2024-03-09 17:03:25,735 [INFO] [NoneStorage] - performing PUT at /RCO3Z12/myobjects207
2024-03-09 17:03:25,927 [INFO] [NoneStorage] - performing PUT at /RCO3Z13/myobjects208
2024-03-09 17:03:26,048 [INFO] [NoneStorage] - performing PUT at /RCO3Z1/myobjects209
2024-03-09 17:03:26,205 [INFO] [NoneStorage] - performing PUT at /RCO3Z2/myobjects210
2024-03-09 17:03:26,256 [INFO] [NoneStorage] - performing PUT at /RCO3Z3/myobjects211
2024-03-09 17:03:26,297 [INFO] [NoneStorage] - performing PUT at /RCO3Z4/myobjects212
2024-03-09 17:03:26,298 [INFO] [NoneStorage] - performing PUT at /RCO3Z5/myobjects213
2024-03-09 17:03:26,337 [INFO] [NoneStorage] - performing PUT at /RCO3Z6/myobjects214
2024-03-09 17:03:26,338 [INFO] [NoneStorage] - performing PUT at /RCO3Z7/myobjects215
2024-03-09 17:03:26,793 [INFO] [NoneStorage] - performing PUT at /RCO3Z8/myobjects216
2024-03-09 17:03:26,819 [INFO] [NoneStorage] - performing PUT at /RCO3Z9/myobjects217
2024-03-09 17:03:26,820 [INFO] [NoneStorage] - performing PUT at /RCO3Z10/myobjects218
2024-03-09 17:03:26,843 [INFO] [NoneStorage] - performing PUT at /RCO3Z11/myobjects219
2024-03-09 17:03:26,848 [INFO] [NoneStorage] - performing PUT at /RCO3Z12/myobjects220
2024-03-09 17:03:27,083 [INFO] [NoneStorage] - performing PUT at /RCO3Z13/myobjects221
2024-03-09 17:03:27,235 [INFO] [NoneStorage] - performing PUT at /RCO3Z1/myobjects222
2024-03-09 17:03:27,278 [INFO] [NoneStorage] - performing PUT at /RCO3Z2/myobjects223
2024-03-09 17:03:27,510 [INFO] [NoneStorage] - performing PUT at /RCO3Z3/myobjects224
2024-03-09 17:03:27,515 [INFO] [NoneStorage] - performing PUT at /RCO3Z4/myobjects225
2024-03-09 17:03:27,620 [INFO] [NoneStorage] - performing PUT at /RCO3Z5/myobjects226
2024-03-09 17:03:27,769 [INFO] [NoneStorage] - performing PUT at /RCO3Z6/myobjects227
2024-03-09 17:03:27,819 [INFO] [NoneStorage] - performing PUT at /RCO3Z7/myobjects228
2024-03-09 17:03:27,861 [INFO] [NoneStorage] - performing PUT at /RCO3Z8/myobjects229
2024-03-09 17:03:28,021 [INFO] [NoneStorage] - performing PUT at /RCO3Z9/myobjects230
2024-03-09 17:03:28,047 [INFO] [NoneStorage] - performing PUT at /RCO3Z10/myobjects231
2024-03-09 17:03:28,178 [INFO] [NoneStorage] - performing PUT at /RCO3Z11/myobjects232
2024-03-09 17:03:28,225 [INFO] [NoneStorage] - performing PUT at /RCO3Z12/myobjects233
2024-03-09 17:03:28,343 [INFO] [NoneStorage] - performing PUT at /RCO3Z13/myobjects234
2024-03-09 17:03:28,389 [INFO] [NoneStorage] - performing PUT at /RCO3Z1/myobjects235
2024-03-09 17:03:28,667 [INFO] [NoneStorage] - performing PUT at /RCO3Z2/myobjects236
2024-03-09 17:03:28,742 [INFO] [NoneStorage] - performing PUT at /RCO3Z3/myobjects237
2024-03-09 17:03:28,793 [INFO] [NoneStorage] - performing PUT at /RCO3Z4/myobjects238
2024-03-09 17:03:29,103 [INFO] [NoneStorage] - performing PUT at /RCO3Z5/myobjects239
2024-03-09 17:03:29,107 [INFO] [NoneStorage] - performing PUT at /RCO3Z6/myobjects240
2024-03-09 17:03:29,113 [INFO] [NoneStorage] - performing PUT at /RCO3Z7/myobjects241
2024-03-09 17:03:29,215 [INFO] [NoneStorage] - performing PUT at /RCO3Z8/myobjects242
2024-03-09 17:03:29,216 [INFO] [NoneStorage] - performing PUT at /RCO3Z9/myobjects243
2024-03-09 17:03:29,389 [INFO] [NoneStorage] - performing PUT at /RCO3Z10/myobjects244
2024-03-09 17:03:29,432 [INFO] [NoneStorage] - performing PUT at /RCO3Z11/myobjects245
2024-03-09 17:03:29,500 [INFO] [NoneStorage] - performing PUT at /RCO3Z12/myobjects246
2024-03-09 17:03:29,538 [INFO] [NoneStorage] - performing PUT at /RCO3Z13/myobjects247
2024-03-09 17:03:29,607 [INFO] [NoneStorage] - performing PUT at /RCO3Z1/myobjects248
2024-03-09 17:03:29,637 [INFO] [NoneStorage] - performing PUT at /RCO3Z2/myobjects249
2024-03-09 17:03:29,773 [INFO] [NoneStorage] - performing PUT at /RCO3Z3/myobjects250
2024-03-09 17:03:29,816 [INFO] [NoneStorage] - performing PUT at /RCO3Z4/myobjects251
2024-03-09 17:03:29,841 [INFO] [NoneStorage] - performing PUT at /RCO3Z5/myobjects252
2024-03-09 17:03:29,881 [INFO] [NoneStorage] - performing PUT at /RCO3Z6/myobjects253
2024-03-09 17:03:29,887 [INFO] [NoneStorage] - performing PUT at /RCO3Z7/myobjects254
2024-03-09 17:03:29,936 [INFO] [NoneStorage] - performing PUT at /RCO3Z8/myobjects255
2024-03-09 17:03:29,951 [INFO] [NoneStorage] - performing PUT at /RCO3Z9/myobjects256
2024-03-09 17:03:30,108 [INFO] [NoneStorage] - performing PUT at /RCO3Z10/myobjects257
2024-03-09 17:03:30,156 [INFO] [NoneStorage] - performing PUT at /RCO3Z11/myobjects258
2024-03-09 17:03:30,172 [INFO] [NoneStorage] - performing PUT at /RCO3Z12/myobjects259
2024-03-09 17:03:30,185 [INFO] [NoneStorage] - performing PUT at /RCO3Z13/myobjects260
2024-03-09 17:03:30,220 [INFO] [NoneStorage] - performing PUT at /RCO3Z1/myobjects261
2024-03-09 17:03:30,229 [INFO] [NoneStorage] - performing PUT at /RCO3Z2/myobjects262
2024-03-09 17:03:30,355 [INFO] [NoneStorage] - performing PUT at /RCO3Z3/myobjects263
2024-03-09 17:03:30,358 [INFO] [NoneStorage] - performing PUT at /RCO3Z4/myobjects264
2024-03-09 17:03:30,485 [INFO] [NoneStorage] - performing PUT at /RCO3Z5/myobjects265
2024-03-09 17:03:30,536 [INFO] [NoneStorage] - performing PUT at /RCO3Z6/myobjects266
2024-03-09 17:03:30,621 [INFO] [NoneStorage] - performing PUT at /RCO3Z7/myobjects267
2024-03-09 17:03:30,743 [INFO] [NoneStorage] - performing PUT at /RCO3Z8/myobjects268
2024-03-09 17:03:30,814 [INFO] [NoneStorage] - performing PUT at /RCO3Z9/myobjects269
2024-03-09 17:03:31,212 [INFO] [NoneStorage] - performing PUT at /RCO3Z10/myobjects270
2024-03-09 17:03:31,223 [INFO] [NoneStorage] - performing PUT at /RCO3Z11/myobjects271
2024-03-09 17:03:31,250 [INFO] [NoneStorage] - performing PUT at /RCO3Z12/myobjects272
2024-03-09 17:03:31,348 [INFO] [NoneStorage] - performing PUT at /RCO3Z13/myobjects273
2024-03-09 17:03:31,362 [INFO] [NoneStorage] - performing PUT at /RCO3Z1/myobjects274
2024-03-09 17:03:31,499 [INFO] [NoneStorage] - performing PUT at /RCO3Z2/myobjects275
2024-03-09 17:03:31,750 [INFO] [NoneStorage] - performing PUT at /RCO3Z3/myobjects276
2024-03-09 17:03:31,758 [INFO] [NoneStorage] - performing PUT at /RCO3Z4/myobjects277
2024-03-09 17:03:31,915 [INFO] [NoneStorage] - performing PUT at /RCO3Z5/myobjects278
2024-03-09 17:03:32,183 [INFO] [NoneStorage] - performing PUT at /RCO3Z6/myobjects279
2024-03-09 17:03:32,261 [INFO] [NoneStorage] - performing PUT at /RCO3Z7/myobjects280
2024-03-09 17:03:32,281 [INFO] [NoneStorage] - performing PUT at /RCO3Z8/myobjects281
2024-03-09 17:03:32,727 [INFO] [NoneStorage] - performing PUT at /RCO3Z9/myobjects282
2024-03-09 17:03:32,747 [INFO] [NoneStorage] - performing PUT at /RCO3Z10/myobjects283
2024-03-09 17:03:32,861 [INFO] [NoneStorage] - performing PUT at /RCO3Z11/myobjects284
2024-03-09 17:03:32,973 [INFO] [NoneStorage] - performing PUT at /RCO3Z12/myobjects285
2024-03-09 17:03:33,100 [INFO] [NoneStorage] - performing PUT at /RCO3Z13/myobjects286
2024-03-09 17:03:33,147 [INFO] [NoneStorage] - performing PUT at /RCO3Z1/myobjects287
2024-03-09 17:03:33,149 [INFO] [NoneStorage] - performing PUT at /RCO3Z2/myobjects288
2024-03-09 17:03:33,329 [INFO] [NoneStorage] - performing PUT at /RCO3Z3/myobjects289
2024-03-09 17:03:33,489 [INFO] [NoneStorage] - performing PUT at /RCO3Z4/myobjects290
2024-03-09 17:03:33,890 [INFO] [NoneStorage] - performing PUT at /RCO3Z5/myobjects291
2024-03-09 17:03:33,909 [INFO] [NoneStorage] - performing PUT at /RCO3Z6/myobjects292
2024-03-09 17:03:33,912 [INFO] [NoneStorage] - performing PUT at /RCO3Z7/myobjects293
2024-03-09 17:03:34,172 [INFO] [NoneStorage] - performing PUT at /RCO3Z8/myobjects294
2024-03-09 17:03:34,252 [INFO] [NoneStorage] - performing PUT at /RCO3Z9/myobjects295
2024-03-09 17:03:34,403 [INFO] [NoneStorage] - performing PUT at /RCO3Z10/myobjects296
================================================== stage: s3-dispose ==================================================
---------------------------------- mission: M6236B52AC4, driver: driver1 ----------------------------------
2024-03-09 17:03:40,005 [INFO] [Log4jLogManager] - will append log to file /root/0.4.2.c4/log/mission/M6236B52AC4.log
2024-03-09 17:03:40,219 [INFO] [NoneStorage] - performing DELETE at /RCO3Z1
2024-03-09 17:03:40,221 [INFO] [NoneStorage] - performing DELETE at /RCO3Z9
2024-03-09 17:03:40,220 [INFO] [NoneStorage] - performing DELETE at /RCO3Z8
2024-03-09 17:03:40,220 [INFO] [NoneStorage] - performing DELETE at /RCO3Z7
2024-03-09 17:03:40,220 [INFO] [NoneStorage] - performing DELETE at /RCO3Z6
2024-03-09 17:03:40,220 [INFO] [NoneStorage] - performing DELETE at /RCO3Z5
2024-03-09 17:03:40,220 [INFO] [NoneStorage] - performing DELETE at /RCO3Z4
2024-03-09 17:03:40,219 [INFO] [NoneStorage] - performing DELETE at /RCO3Z3
2024-03-09 17:03:40,219 [INFO] [NoneStorage] - performing DELETE at /RCO3Z2
2024-03-09 17:03:40,221 [INFO] [NoneStorage] - performing DELETE at /RCO3Z13
2024-03-09 17:03:40,221 [INFO] [NoneStorage] - performing DELETE at /RCO3Z12
2024-03-09 17:03:40,221 [INFO] [NoneStorage] - performing DELETE at /RCO3Z10
2024-03-09 17:03:40,221 [INFO] [NoneStorage] - performing DELETE at /RCO3Z11
2024-03-09 17:03:40,261 [ERROR] [AbstractOperator] - Error deleting container RCO3Z6
com.intel.cosbench.api.storage.StorageException: HTTP/1.1 409 Conflict
	at com.intel.cosbench.api.swift.SwiftStorage.deleteContainer(SwiftStorage.java:246)
	at com.intel.cosbench.driver.operator.Cleaner.doDispose(Cleaner.java:111)
	at com.intel.cosbench.driver.operator.Disposer.doDispose(Disposer.java:1)
	at com.intel.cosbench.driver.operator.Cleaner.operate(Cleaner.java:94)
	at com.intel.cosbench.driver.operator.AbstractOperator.operate(AbstractOperator.java:76)
	at com.intel.cosbench.driver.operator.Disposer.operate(Disposer.java:1)
	at com.intel.cosbench.driver.agent.WorkAgent.performOperation(WorkAgent.java:197)
	at com.intel.cosbench.driver.agent.WorkAgent.doWork(WorkAgent.java:177)
	at com.intel.cosbench.driver.agent.WorkAgent.execute(WorkAgent.java:134)
	at com.intel.cosbench.driver.agent.AbstractAgent.call(AbstractAgent.java:44)
	at com.intel.cosbench.driver.agent.AbstractAgent.call(AbstractAgent.java:1)
	at java.util.concurrent.FutureTask.run(FutureTask.java:266)
	at java.util.concurrent.ThreadPoolExecutor.runWorker(ThreadPoolExecutor.java:1149)
	at java.util.concurrent.ThreadPoolExecutor$Worker.run(ThreadPoolExecutor.java:624)
	at java.lang.Thread.run(Thread.java:750)
Caused by: com.intel.cosbench.client.swift.SwiftConflictException: cannot delete an non-empty container RCO3Z6
	at com.intel.cosbench.client.swift.SwiftClient.deleteContainer(SwiftClient.java:164)
	at com.intel.cosbench.api.swift.SwiftStorage.deleteContainer(SwiftStorage.java:237)
	... 14 more
2024-03-09 17:03:40,261 [INFO] [NoneStorage] - performing LIST at /RCO3Z6/
2024-03-09 17:03:40,262 [ERROR] [AbstractOperator] - Error deleting container RCO3Z5
com.intel.cosbench.api.storage.StorageException: HTTP/1.1 409 Conflict
	at com.intel.cosbench.api.swift.SwiftStorage.deleteContainer(SwiftStorage.java:246)
	at com.intel.cosbench.driver.operator.Cleaner.doDispose(Cleaner.java:111)
	at com.intel.cosbench.driver.operator.Disposer.doDispose(Disposer.java:1)
	at com.intel.cosbench.driver.operator.Cleaner.operate(Cleaner.java:94)
	at com.intel.cosbench.driver.operator.AbstractOperator.operate(AbstractOperator.java:76)
	at com.intel.cosbench.driver.operator.Disposer.operate(Disposer.java:1)
	at com.intel.cosbench.driver.agent.WorkAgent.performOperation(WorkAgent.java:197)
	at com.intel.cosbench.driver.agent.WorkAgent.doWork(WorkAgent.java:177)
	at com.intel.cosbench.driver.agent.WorkAgent.execute(WorkAgent.java:134)
	at com.intel.cosbench.driver.agent.AbstractAgent.call(AbstractAgent.java:44)
	at com.intel.cosbench.driver.agent.AbstractAgent.call(AbstractAgent.java:1)
	at java.util.concurrent.FutureTask.run(FutureTask.java:266)
	at java.util.concurrent.ThreadPoolExecutor.runWorker(ThreadPoolExecutor.java:1149)
	at java.util.concurrent.ThreadPoolExecutor$Worker.run(ThreadPoolExecutor.java:624)
	at java.lang.Thread.run(Thread.java:750)
Caused by: com.intel.cosbench.client.swift.SwiftConflictException: cannot delete an non-empty container RCO3Z5
	at com.intel.cosbench.client.swift.SwiftClient.deleteContainer(SwiftClient.java:164)
	at com.intel.cosbench.api.swift.SwiftStorage.deleteContainer(SwiftStorage.java:237)
	... 14 more
2024-03-09 17:03:40,263 [INFO] [NoneStorage] - performing LIST at /RCO3Z5/
2024-03-09 17:03:40,264 [ERROR] [AbstractOperator] - Error deleting container RCO3Z4
com.intel.cosbench.api.storage.StorageException: HTTP/1.1 409 Conflict
	at com.intel.cosbench.api.swift.SwiftStorage.deleteContainer(SwiftStorage.java:246)
	at com.intel.cosbench.driver.operator.Cleaner.doDispose(Cleaner.java:111)
	at com.intel.cosbench.driver.operator.Disposer.doDispose(Disposer.java:1)
	at com.intel.cosbench.driver.operator.Cleaner.operate(Cleaner.java:94)
	at com.intel.cosbench.driver.operator.AbstractOperator.operate(AbstractOperator.java:76)
	at com.intel.cosbench.driver.operator.Disposer.operate(Disposer.java:1)
	at com.intel.cosbench.driver.agent.WorkAgent.performOperation(WorkAgent.java:197)
	at com.intel.cosbench.driver.agent.WorkAgent.doWork(WorkAgent.java:177)
	at com.intel.cosbench.driver.agent.WorkAgent.execute(WorkAgent.java:134)
	at com.intel.cosbench.driver.agent.AbstractAgent.call(AbstractAgent.java:44)
	at com.intel.cosbench.driver.agent.AbstractAgent.call(AbstractAgent.java:1)
	at java.util.concurrent.FutureTask.run(FutureTask.java:266)
	at java.util.concurrent.ThreadPoolExecutor.runWorker(ThreadPoolExecutor.java:1149)
	at java.util.concurrent.ThreadPoolExecutor$Worker.run(ThreadPoolExecutor.java:624)
	at java.lang.Thread.run(Thread.java:750)
Caused by: com.intel.cosbench.client.swift.SwiftConflictException: cannot delete an non-empty container RCO3Z4
	at com.intel.cosbench.client.swift.SwiftClient.deleteContainer(SwiftClient.java:164)
	at com.intel.cosbench.api.swift.SwiftStorage.deleteContainer(SwiftStorage.java:237)
	... 14 more
2024-03-09 17:03:40,264 [INFO] [NoneStorage] - performing LIST at /RCO3Z4/
2024-03-09 17:03:40,265 [ERROR] [AbstractOperator] - Error deleting container RCO3Z13
com.intel.cosbench.api.storage.StorageException: HTTP/1.1 409 Conflict
	at com.intel.cosbench.api.swift.SwiftStorage.deleteContainer(SwiftStorage.java:246)
	at com.intel.cosbench.driver.operator.Cleaner.doDispose(Cleaner.java:111)
	at com.intel.cosbench.driver.operator.Disposer.doDispose(Disposer.java:1)
	at com.intel.cosbench.driver.operator.Cleaner.operate(Cleaner.java:94)
	at com.intel.cosbench.driver.operator.AbstractOperator.operate(AbstractOperator.java:76)
	at com.intel.cosbench.driver.operator.Disposer.operate(Disposer.java:1)
	at com.intel.cosbench.driver.agent.WorkAgent.performOperation(WorkAgent.java:197)
	at com.intel.cosbench.driver.agent.WorkAgent.doWork(WorkAgent.java:177)
	at com.intel.cosbench.driver.agent.WorkAgent.execute(WorkAgent.java:134)
	at com.intel.cosbench.driver.agent.AbstractAgent.call(AbstractAgent.java:44)
	at com.intel.cosbench.driver.agent.AbstractAgent.call(AbstractAgent.java:1)
	at java.util.concurrent.FutureTask.run(FutureTask.java:266)
	at java.util.concurrent.ThreadPoolExecutor.runWorker(ThreadPoolExecutor.java:1149)
	at java.util.concurrent.ThreadPoolExecutor$Worker.run(ThreadPoolExecutor.java:624)
	at java.lang.Thread.run(Thread.java:750)
Caused by: com.intel.cosbench.client.swift.SwiftConflictException: cannot delete an non-empty container RCO3Z13
	at com.intel.cosbench.client.swift.SwiftClient.deleteContainer(SwiftClient.java:164)
	at com.intel.cosbench.api.swift.SwiftStorage.deleteContainer(SwiftStorage.java:237)
	... 14 more
2024-03-09 17:03:40,265 [INFO] [NoneStorage] - performing LIST at /RCO3Z13/
2024-03-09 17:03:40,266 [ERROR] [AbstractOperator] - Error deleting container RCO3Z11
com.intel.cosbench.api.storage.StorageException: HTTP/1.1 409 Conflict
	at com.intel.cosbench.api.swift.SwiftStorage.deleteContainer(SwiftStorage.java:246)
	at com.intel.cosbench.driver.operator.Cleaner.doDispose(Cleaner.java:111)
	at com.intel.cosbench.driver.operator.Disposer.doDispose(Disposer.java:1)
	at com.intel.cosbench.driver.operator.Cleaner.operate(Cleaner.java:94)
	at com.intel.cosbench.driver.operator.AbstractOperator.operate(AbstractOperator.java:76)
	at com.intel.cosbench.driver.operator.Disposer.operate(Disposer.java:1)
	at com.intel.cosbench.driver.agent.WorkAgent.performOperation(WorkAgent.java:197)
	at com.intel.cosbench.driver.agent.WorkAgent.doWork(WorkAgent.java:177)
	at com.intel.cosbench.driver.agent.WorkAgent.execute(WorkAgent.java:134)
	at com.intel.cosbench.driver.agent.AbstractAgent.call(AbstractAgent.java:44)
	at com.intel.cosbench.driver.agent.AbstractAgent.call(AbstractAgent.java:1)
	at java.util.concurrent.FutureTask.run(FutureTask.java:266)
	at java.util.concurrent.ThreadPoolExecutor.runWorker(ThreadPoolExecutor.java:1149)
	at java.util.concurrent.ThreadPoolExecutor$Worker.run(ThreadPoolExecutor.java:624)
	at java.lang.Thread.run(Thread.java:750)
Caused by: com.intel.cosbench.client.swift.SwiftConflictException: cannot delete an non-empty container RCO3Z11
	at com.intel.cosbench.client.swift.SwiftClient.deleteContainer(SwiftClient.java:164)
	at com.intel.cosbench.api.swift.SwiftStorage.deleteContainer(SwiftStorage.java:237)
	... 14 more
2024-03-09 17:03:40,266 [INFO] [NoneStorage] - performing LIST at /RCO3Z11/
2024-03-09 17:03:40,269 [ERROR] [AbstractOperator] - Error deleting container RCO3Z8
com.intel.cosbench.api.storage.StorageException: HTTP/1.1 409 Conflict
	at com.intel.cosbench.api.swift.SwiftStorage.deleteContainer(SwiftStorage.java:246)
	at com.intel.cosbench.driver.operator.Cleaner.doDispose(Cleaner.java:111)
	at com.intel.cosbench.driver.operator.Disposer.doDispose(Disposer.java:1)
	at com.intel.cosbench.driver.operator.Cleaner.operate(Cleaner.java:94)
	at com.intel.cosbench.driver.operator.AbstractOperator.operate(AbstractOperator.java:76)
	at com.intel.cosbench.driver.operator.Disposer.operate(Disposer.java:1)
	at com.intel.cosbench.driver.agent.WorkAgent.performOperation(WorkAgent.java:197)
	at com.intel.cosbench.driver.agent.WorkAgent.doWork(WorkAgent.java:177)
	at com.intel.cosbench.driver.agent.WorkAgent.execute(WorkAgent.java:134)
	at com.intel.cosbench.driver.agent.AbstractAgent.call(AbstractAgent.java:44)
	at com.intel.cosbench.driver.agent.AbstractAgent.call(AbstractAgent.java:1)
	at java.util.concurrent.FutureTask.run(FutureTask.java:266)
	at java.util.concurrent.ThreadPoolExecutor.runWorker(ThreadPoolExecutor.java:1149)
	at java.util.concurrent.ThreadPoolExecutor$Worker.run(ThreadPoolExecutor.java:624)
	at java.lang.Thread.run(Thread.java:750)
Caused by: com.intel.cosbench.client.swift.SwiftConflictException: cannot delete an non-empty container RCO3Z8
	at com.intel.cosbench.client.swift.SwiftClient.deleteContainer(SwiftClient.java:164)
	at com.intel.cosbench.api.swift.SwiftStorage.deleteContainer(SwiftStorage.java:237)
	... 14 more
2024-03-09 17:03:40,269 [INFO] [NoneStorage] - performing LIST at /RCO3Z8/
2024-03-09 17:03:40,272 [ERROR] [AbstractOperator] - Error deleting container RCO3Z1
com.intel.cosbench.api.storage.StorageException: HTTP/1.1 409 Conflict
	at com.intel.cosbench.api.swift.SwiftStorage.deleteContainer(SwiftStorage.java:246)
	at com.intel.cosbench.driver.operator.Cleaner.doDispose(Cleaner.java:111)
	at com.intel.cosbench.driver.operator.Disposer.doDispose(Disposer.java:1)
	at com.intel.cosbench.driver.operator.Cleaner.operate(Cleaner.java:94)
	at com.intel.cosbench.driver.operator.AbstractOperator.operate(AbstractOperator.java:76)
	at com.intel.cosbench.driver.operator.Disposer.operate(Disposer.java:1)
	at com.intel.cosbench.driver.agent.WorkAgent.performOperation(WorkAgent.java:197)
	at com.intel.cosbench.driver.agent.WorkAgent.doWork(WorkAgent.java:177)
	at com.intel.cosbench.driver.agent.WorkAgent.execute(WorkAgent.java:134)
	at com.intel.cosbench.driver.agent.AbstractAgent.call(AbstractAgent.java:44)
	at com.intel.cosbench.driver.agent.AbstractAgent.call(AbstractAgent.java:1)
	at java.util.concurrent.FutureTask.run(FutureTask.java:266)
	at java.util.concurrent.ThreadPoolExecutor.runWorker(ThreadPoolExecutor.java:1149)
	at java.util.concurrent.ThreadPoolExecutor$Worker.run(ThreadPoolExecutor.java:624)
	at java.lang.Thread.run(Thread.java:750)
Caused by: com.intel.cosbench.client.swift.SwiftConflictException: cannot delete an non-empty container RCO3Z1
	at com.intel.cosbench.client.swift.SwiftClient.deleteContainer(SwiftClient.java:164)
	at com.intel.cosbench.api.swift.SwiftStorage.deleteContainer(SwiftStorage.java:237)
	... 14 more
2024-03-09 17:03:40,274 [INFO] [NoneStorage] - performing LIST at /RCO3Z1/
2024-03-09 17:03:40,276 [ERROR] [AbstractOperator] - Error deleting container RCO3Z12
com.intel.cosbench.api.storage.StorageException: HTTP/1.1 409 Conflict
	at com.intel.cosbench.api.swift.SwiftStorage.deleteContainer(SwiftStorage.java:246)
	at com.intel.cosbench.driver.operator.Cleaner.doDispose(Cleaner.java:111)
	at com.intel.cosbench.driver.operator.Disposer.doDispose(Disposer.java:1)
	at com.intel.cosbench.driver.operator.Cleaner.operate(Cleaner.java:94)
	at com.intel.cosbench.driver.operator.AbstractOperator.operate(AbstractOperator.java:76)
	at com.intel.cosbench.driver.operator.Disposer.operate(Disposer.java:1)
	at com.intel.cosbench.driver.agent.WorkAgent.performOperation(WorkAgent.java:197)
	at com.intel.cosbench.driver.agent.WorkAgent.doWork(WorkAgent.java:177)
	at com.intel.cosbench.driver.agent.WorkAgent.execute(WorkAgent.java:134)
	at com.intel.cosbench.driver.agent.AbstractAgent.call(AbstractAgent.java:44)
	at com.intel.cosbench.driver.agent.AbstractAgent.call(AbstractAgent.java:1)
	at java.util.concurrent.FutureTask.run(FutureTask.java:266)
	at java.util.concurrent.ThreadPoolExecutor.runWorker(ThreadPoolExecutor.java:1149)
	at java.util.concurrent.ThreadPoolExecutor$Worker.run(ThreadPoolExecutor.java:624)
	at java.lang.Thread.run(Thread.java:750)
Caused by: com.intel.cosbench.client.swift.SwiftConflictException: cannot delete an non-empty container RCO3Z12
	at com.intel.cosbench.client.swift.SwiftClient.deleteContainer(SwiftClient.java:164)
	at com.intel.cosbench.api.swift.SwiftStorage.deleteContainer(SwiftStorage.java:237)
	... 14 more
2024-03-09 17:03:40,276 [INFO] [NoneStorage] - performing LIST at /RCO3Z12/
2024-03-09 17:03:40,280 [ERROR] [AbstractOperator] - Error deleting container RCO3Z3
com.intel.cosbench.api.storage.StorageException: HTTP/1.1 409 Conflict
	at com.intel.cosbench.api.swift.SwiftStorage.deleteContainer(SwiftStorage.java:246)
	at com.intel.cosbench.driver.operator.Cleaner.doDispose(Cleaner.java:111)
	at com.intel.cosbench.driver.operator.Disposer.doDispose(Disposer.java:1)
	at com.intel.cosbench.driver.operator.Cleaner.operate(Cleaner.java:94)
	at com.intel.cosbench.driver.operator.AbstractOperator.operate(AbstractOperator.java:76)
	at com.intel.cosbench.driver.operator.Disposer.operate(Disposer.java:1)
	at com.intel.cosbench.driver.agent.WorkAgent.performOperation(WorkAgent.java:197)
	at com.intel.cosbench.driver.agent.WorkAgent.doWork(WorkAgent.java:177)
	at com.intel.cosbench.driver.agent.WorkAgent.execute(WorkAgent.java:134)
	at com.intel.cosbench.driver.agent.AbstractAgent.call(AbstractAgent.java:44)
	at com.intel.cosbench.driver.agent.AbstractAgent.call(AbstractAgent.java:1)
	at java.util.concurrent.FutureTask.run(FutureTask.java:266)
	at java.util.concurrent.ThreadPoolExecutor.runWorker(ThreadPoolExecutor.java:1149)
	at java.util.concurrent.ThreadPoolExecutor$Worker.run(ThreadPoolExecutor.java:624)
	at java.lang.Thread.run(Thread.java:750)
Caused by: com.intel.cosbench.client.swift.SwiftConflictException: cannot delete an non-empty container RCO3Z3
	at com.intel.cosbench.client.swift.SwiftClient.deleteContainer(SwiftClient.java:164)
	at com.intel.cosbench.api.swift.SwiftStorage.deleteContainer(SwiftStorage.java:237)
	... 14 more
2024-03-09 17:03:40,280 [INFO] [NoneStorage] - performing LIST at /RCO3Z3/
2024-03-09 17:03:40,291 [INFO] [NoneStorage] - performing DELETE at /RCO3Z6/myobjects110
2024-03-09 17:03:40,294 [INFO] [NoneStorage] - performing DELETE at /RCO3Z5/myobjects109
2024-03-09 17:03:40,299 [INFO] [NoneStorage] - performing DELETE at /RCO3Z13/myobjects104
2024-03-09 17:03:40,301 [INFO] [NoneStorage] - performing DELETE at /RCO3Z11/myobjects102
2024-03-09 17:03:40,304 [INFO] [NoneStorage] - performing DELETE at /RCO3Z8/myobjects112
2024-03-09 17:03:40,313 [INFO] [NoneStorage] - performing DELETE at /RCO3Z1/myobjects1
2024-03-09 17:03:40,319 [INFO] [NoneStorage] - performing DELETE at /RCO3Z12/myobjects103
2024-03-09 17:03:40,321 [INFO] [NoneStorage] - performing DELETE at /RCO3Z4/myobjects108
2024-03-09 17:03:40,322 [ERROR] [AbstractOperator] - Error deleting container RCO3Z7
com.intel.cosbench.api.storage.StorageException: HTTP/1.1 409 Conflict
	at com.intel.cosbench.api.swift.SwiftStorage.deleteContainer(SwiftStorage.java:246)
	at com.intel.cosbench.driver.operator.Cleaner.doDispose(Cleaner.java:111)
	at com.intel.cosbench.driver.operator.Disposer.doDispose(Disposer.java:1)
	at com.intel.cosbench.driver.operator.Cleaner.operate(Cleaner.java:94)
	at com.intel.cosbench.driver.operator.AbstractOperator.operate(AbstractOperator.java:76)
	at com.intel.cosbench.driver.operator.Disposer.operate(Disposer.java:1)
	at com.intel.cosbench.driver.agent.WorkAgent.performOperation(WorkAgent.java:197)
	at com.intel.cosbench.driver.agent.WorkAgent.doWork(WorkAgent.java:177)
	at com.intel.cosbench.driver.agent.WorkAgent.execute(WorkAgent.java:134)
	at com.intel.cosbench.driver.agent.AbstractAgent.call(AbstractAgent.java:44)
	at com.intel.cosbench.driver.agent.AbstractAgent.call(AbstractAgent.java:1)
	at java.util.concurrent.FutureTask.run(FutureTask.java:266)
	at java.util.concurrent.ThreadPoolExecutor.runWorker(ThreadPoolExecutor.java:1149)
	at java.util.concurrent.ThreadPoolExecutor$Worker.run(ThreadPoolExecutor.java:624)
	at java.lang.Thread.run(Thread.java:750)
Caused by: com.intel.cosbench.client.swift.SwiftConflictException: cannot delete an non-empty container RCO3Z7
	at com.intel.cosbench.client.swift.SwiftClient.deleteContainer(SwiftClient.java:164)
	at com.intel.cosbench.api.swift.SwiftStorage.deleteContainer(SwiftStorage.java:237)
	... 14 more
2024-03-09 17:03:40,322 [INFO] [NoneStorage] - performing LIST at /RCO3Z7/
2024-03-09 17:03:40,324 [INFO] [NoneStorage] - performing DELETE at /RCO3Z3/myobjects107
2024-03-09 17:03:40,352 [INFO] [NoneStorage] - performing DELETE at /RCO3Z7/myobjects111
2024-03-09 17:03:40,461 [ERROR] [AbstractOperator] - Error deleting container RCO3Z2
com.intel.cosbench.api.storage.StorageException: HTTP/1.1 409 Conflict
	at com.intel.cosbench.api.swift.SwiftStorage.deleteContainer(SwiftStorage.java:246)
	at com.intel.cosbench.driver.operator.Cleaner.doDispose(Cleaner.java:111)
	at com.intel.cosbench.driver.operator.Disposer.doDispose(Disposer.java:1)
	at com.intel.cosbench.driver.operator.Cleaner.operate(Cleaner.java:94)
	at com.intel.cosbench.driver.operator.AbstractOperator.operate(AbstractOperator.java:76)
	at com.intel.cosbench.driver.operator.Disposer.operate(Disposer.java:1)
	at com.intel.cosbench.driver.agent.WorkAgent.performOperation(WorkAgent.java:197)
	at com.intel.cosbench.driver.agent.WorkAgent.doWork(WorkAgent.java:177)
	at com.intel.cosbench.driver.agent.WorkAgent.execute(WorkAgent.java:134)
	at com.intel.cosbench.driver.agent.AbstractAgent.call(AbstractAgent.java:44)
	at com.intel.cosbench.driver.agent.AbstractAgent.call(AbstractAgent.java:1)
	at java.util.concurrent.FutureTask.run(FutureTask.java:266)
	at java.util.concurrent.ThreadPoolExecutor.runWorker(ThreadPoolExecutor.java:1149)
	at java.util.concurrent.ThreadPoolExecutor$Worker.run(ThreadPoolExecutor.java:624)
	at java.lang.Thread.run(Thread.java:750)
Caused by: com.intel.cosbench.client.swift.SwiftConflictException: cannot delete an non-empty container RCO3Z2
	at com.intel.cosbench.client.swift.SwiftClient.deleteContainer(SwiftClient.java:164)
	at com.intel.cosbench.api.swift.SwiftStorage.deleteContainer(SwiftStorage.java:237)
	... 14 more
2024-03-09 17:03:40,462 [INFO] [NoneStorage] - performing LIST at /RCO3Z2/
2024-03-09 17:03:40,502 [INFO] [NoneStorage] - performing DELETE at /RCO3Z2/myobjects106
2024-03-09 17:03:40,570 [INFO] [NoneStorage] - performing DELETE at /RCO3Z5/myobjects122
2024-03-09 17:03:40,619 [INFO] [NoneStorage] - performing DELETE at /RCO3Z6/myobjects123
2024-03-09 17:03:40,652 [INFO] [NoneStorage] - performing DELETE at /RCO3Z4/myobjects121
2024-03-09 17:03:40,652 [INFO] [NoneStorage] - performing DELETE at /RCO3Z8/myobjects125
2024-03-09 17:03:40,744 [INFO] [NoneStorage] - performing DELETE at /RCO3Z13/myobjects117
2024-03-09 17:03:40,755 [INFO] [NoneStorage] - performing DELETE at /RCO3Z12/myobjects116
2024-03-09 17:03:40,755 [INFO] [NoneStorage] - performing DELETE at /RCO3Z7/myobjects124
2024-03-09 17:03:40,808 [INFO] [NoneStorage] - performing DELETE at /RCO3Z11/myobjects11
2024-03-09 17:03:40,808 [INFO] [NoneStorage] - performing DELETE at /RCO3Z3/myobjects120
2024-03-09 17:03:40,812 [INFO] [NoneStorage] - performing DELETE at /RCO3Z1/myobjects105
2024-03-09 17:03:40,931 [ERROR] [AbstractOperator] - Error deleting container RCO3Z9
com.intel.cosbench.api.storage.StorageException: HTTP/1.1 409 Conflict
	at com.intel.cosbench.api.swift.SwiftStorage.deleteContainer(SwiftStorage.java:246)
	at com.intel.cosbench.driver.operator.Cleaner.doDispose(Cleaner.java:111)
	at com.intel.cosbench.driver.operator.Disposer.doDispose(Disposer.java:1)
	at com.intel.cosbench.driver.operator.Cleaner.operate(Cleaner.java:94)
	at com.intel.cosbench.driver.operator.AbstractOperator.operate(AbstractOperator.java:76)
	at com.intel.cosbench.driver.operator.Disposer.operate(Disposer.java:1)
	at com.intel.cosbench.driver.agent.WorkAgent.performOperation(WorkAgent.java:197)
	at com.intel.cosbench.driver.agent.WorkAgent.doWork(WorkAgent.java:177)
	at com.intel.cosbench.driver.agent.WorkAgent.execute(WorkAgent.java:134)
	at com.intel.cosbench.driver.agent.AbstractAgent.call(AbstractAgent.java:44)
	at com.intel.cosbench.driver.agent.AbstractAgent.call(AbstractAgent.java:1)
	at java.util.concurrent.FutureTask.run(FutureTask.java:266)
	at java.util.concurrent.ThreadPoolExecutor.runWorker(ThreadPoolExecutor.java:1149)
	at java.util.concurrent.ThreadPoolExecutor$Worker.run(ThreadPoolExecutor.java:624)
	at java.lang.Thread.run(Thread.java:750)
Caused by: com.intel.cosbench.client.swift.SwiftConflictException: cannot delete an non-empty container RCO3Z9
	at com.intel.cosbench.client.swift.SwiftClient.deleteContainer(SwiftClient.java:164)
	at com.intel.cosbench.api.swift.SwiftStorage.deleteContainer(SwiftStorage.java:237)
	... 14 more
2024-03-09 17:03:40,932 [INFO] [NoneStorage] - performing LIST at /RCO3Z9/
2024-03-09 17:03:40,967 [INFO] [NoneStorage] - performing DELETE at /RCO3Z9/myobjects100
2024-03-09 17:03:41,036 [ERROR] [AbstractOperator] - Error deleting container RCO3Z10
com.intel.cosbench.api.storage.StorageException: HTTP/1.1 409 Conflict
	at com.intel.cosbench.api.swift.SwiftStorage.deleteContainer(SwiftStorage.java:246)
	at com.intel.cosbench.driver.operator.Cleaner.doDispose(Cleaner.java:111)
	at com.intel.cosbench.driver.operator.Disposer.doDispose(Disposer.java:1)
	at com.intel.cosbench.driver.operator.Cleaner.operate(Cleaner.java:94)
	at com.intel.cosbench.driver.operator.AbstractOperator.operate(AbstractOperator.java:76)
	at com.intel.cosbench.driver.operator.Disposer.operate(Disposer.java:1)
	at com.intel.cosbench.driver.agent.WorkAgent.performOperation(WorkAgent.java:197)
	at com.intel.cosbench.driver.agent.WorkAgent.doWork(WorkAgent.java:177)
	at com.intel.cosbench.driver.agent.WorkAgent.execute(WorkAgent.java:134)
	at com.intel.cosbench.driver.agent.AbstractAgent.call(AbstractAgent.java:44)
	at com.intel.cosbench.driver.agent.AbstractAgent.call(AbstractAgent.java:1)
	at java.util.concurrent.FutureTask.run(FutureTask.java:266)
	at java.util.concurrent.ThreadPoolExecutor.runWorker(ThreadPoolExecutor.java:1149)
	at java.util.concurrent.ThreadPoolExecutor$Worker.run(ThreadPoolExecutor.java:624)
	at java.lang.Thread.run(Thread.java:750)
Caused by: com.intel.cosbench.client.swift.SwiftConflictException: cannot delete an non-empty container RCO3Z10
	at com.intel.cosbench.client.swift.SwiftClient.deleteContainer(SwiftClient.java:164)
	at com.intel.cosbench.api.swift.SwiftStorage.deleteContainer(SwiftStorage.java:237)
	... 14 more
2024-03-09 17:03:41,037 [INFO] [NoneStorage] - performing LIST at /RCO3Z10/
2024-03-09 17:03:41,067 [INFO] [NoneStorage] - performing DELETE at /RCO3Z4/myobjects134
2024-03-09 17:03:41,069 [INFO] [NoneStorage] - performing DELETE at /RCO3Z8/myobjects138
2024-03-09 17:03:41,069 [INFO] [NoneStorage] - performing DELETE at /RCO3Z5/myobjects135
2024-03-09 17:03:41,070 [INFO] [NoneStorage] - performing DELETE at /RCO3Z6/myobjects136
2024-03-09 17:03:41,076 [INFO] [NoneStorage] - performing DELETE at /RCO3Z10/myobjects10
2024-03-09 17:03:41,115 [INFO] [NoneStorage] - performing DELETE at /RCO3Z2/myobjects119
2024-03-09 17:03:41,167 [INFO] [NoneStorage] - performing DELETE at /RCO3Z7/myobjects137
2024-03-09 17:03:41,167 [INFO] [NoneStorage] - performing DELETE at /RCO3Z11/myobjects115
2024-03-09 17:03:41,211 [INFO] [NoneStorage] - performing DELETE at /RCO3Z12/myobjects12
2024-03-09 17:03:41,416 [INFO] [NoneStorage] - performing DELETE at /RCO3Z9/myobjects113
2024-03-09 17:03:41,418 [INFO] [NoneStorage] - performing DELETE at /RCO3Z13/myobjects13
2024-03-09 17:03:41,476 [INFO] [NoneStorage] - performing DELETE at /RCO3Z8/myobjects151
2024-03-09 17:03:41,477 [INFO] [NoneStorage] - performing DELETE at /RCO3Z5/myobjects148
2024-03-09 17:03:41,510 [INFO] [NoneStorage] - performing DELETE at /RCO3Z4/myobjects147
2024-03-09 17:03:41,543 [INFO] [NoneStorage] - performing DELETE at /RCO3Z6/myobjects149
2024-03-09 17:03:41,567 [INFO] [NoneStorage] - performing DELETE at /RCO3Z10/myobjects101
2024-03-09 17:03:41,568 [INFO] [NoneStorage] - performing DELETE at /RCO3Z2/myobjects132
2024-03-09 17:03:41,572 [INFO] [NoneStorage] - performing DELETE at /RCO3Z7/myobjects150
2024-03-09 17:03:41,578 [INFO] [NoneStorage] - performing DELETE at /RCO3Z3/myobjects133
2024-03-09 17:03:41,604 [INFO] [NoneStorage] - performing DELETE at /RCO3Z11/myobjects128
2024-03-09 17:03:41,604 [INFO] [NoneStorage] - performing DELETE at /RCO3Z12/myobjects129
2024-03-09 17:03:41,711 [INFO] [NoneStorage] - performing DELETE at /RCO3Z1/myobjects118
2024-03-09 17:03:41,848 [INFO] [NoneStorage] - performing DELETE at /RCO3Z4/myobjects160
2024-03-09 17:03:41,853 [INFO] [NoneStorage] - performing DELETE at /RCO3Z9/myobjects126
2024-03-09 17:03:41,911 [INFO] [NoneStorage] - performing DELETE at /RCO3Z10/myobjects114
2024-03-09 17:03:41,911 [INFO] [NoneStorage] - performing DELETE at /RCO3Z8/myobjects164
2024-03-09 17:03:41,932 [INFO] [NoneStorage] - performing DELETE at /RCO3Z5/myobjects161
2024-03-09 17:03:42,004 [INFO] [NoneStorage] - performing DELETE at /RCO3Z2/myobjects145
2024-03-09 17:03:42,006 [INFO] [NoneStorage] - performing DELETE at /RCO3Z6/myobjects162
2024-03-09 17:03:42,045 [INFO] [NoneStorage] - performing DELETE at /RCO3Z11/myobjects141
2024-03-09 17:03:42,046 [INFO] [NoneStorage] - performing DELETE at /RCO3Z12/myobjects142
2024-03-09 17:03:42,048 [INFO] [NoneStorage] - performing DELETE at /RCO3Z7/myobjects163
2024-03-09 17:03:42,127 [INFO] [NoneStorage] - performing DELETE at /RCO3Z13/myobjects130
2024-03-09 17:03:42,199 [INFO] [NoneStorage] - performing DELETE at /RCO3Z4/myobjects17
2024-03-09 17:03:42,254 [INFO] [NoneStorage] - performing DELETE at /RCO3Z9/myobjects139
2024-03-09 17:03:42,307 [INFO] [NoneStorage] - performing DELETE at /RCO3Z5/myobjects174
2024-03-09 17:03:42,348 [INFO] [NoneStorage] - performing DELETE at /RCO3Z8/myobjects177
2024-03-09 17:03:42,350 [INFO] [NoneStorage] - performing DELETE at /RCO3Z10/myobjects127
2024-03-09 17:03:42,352 [INFO] [NoneStorage] - performing DELETE at /RCO3Z6/myobjects175
2024-03-09 17:03:42,356 [INFO] [NoneStorage] - performing DELETE at /RCO3Z1/myobjects131
2024-03-09 17:03:42,399 [INFO] [NoneStorage] - performing DELETE at /RCO3Z11/myobjects154
2024-03-09 17:03:42,491 [INFO] [NoneStorage] - performing DELETE at /RCO3Z12/myobjects155
2024-03-09 17:03:42,491 [INFO] [NoneStorage] - performing DELETE at /RCO3Z2/myobjects15
2024-03-09 17:03:42,509 [INFO] [NoneStorage] - performing DELETE at /RCO3Z3/myobjects146
2024-03-09 17:03:42,570 [INFO] [NoneStorage] - performing DELETE at /RCO3Z9/myobjects152
2024-03-09 17:03:42,626 [INFO] [NoneStorage] - performing DELETE at /RCO3Z5/myobjects18
2024-03-09 17:03:42,647 [INFO] [NoneStorage] - performing DELETE at /RCO3Z4/myobjects173
2024-03-09 17:03:42,698 [INFO] [NoneStorage] - performing DELETE at /RCO3Z8/myobjects190
2024-03-09 17:03:42,711 [INFO] [NoneStorage] - performing DELETE at /RCO3Z13/myobjects143
2024-03-09 17:03:42,755 [INFO] [NoneStorage] - performing DELETE at /RCO3Z10/myobjects140
2024-03-09 17:03:42,828 [INFO] [NoneStorage] - performing DELETE at /RCO3Z7/myobjects176
2024-03-09 17:03:42,850 [INFO] [NoneStorage] - performing DELETE at /RCO3Z1/myobjects14
2024-03-09 17:03:42,850 [INFO] [NoneStorage] - performing DELETE at /RCO3Z11/myobjects167
2024-03-09 17:03:42,853 [INFO] [NoneStorage] - performing DELETE at /RCO3Z6/myobjects188
2024-03-09 17:03:42,875 [INFO] [NoneStorage] - performing DELETE at /RCO3Z2/myobjects158
2024-03-09 17:03:42,925 [INFO] [NoneStorage] - performing DELETE at /RCO3Z5/myobjects187
2024-03-09 17:03:42,928 [INFO] [NoneStorage] - performing DELETE at /RCO3Z12/myobjects168
2024-03-09 17:03:43,051 [INFO] [NoneStorage] - performing DELETE at /RCO3Z13/myobjects156
2024-03-09 17:03:43,110 [INFO] [NoneStorage] - performing DELETE at /RCO3Z7/myobjects189
2024-03-09 17:03:43,111 [INFO] [NoneStorage] - performing DELETE at /RCO3Z8/myobjects203
2024-03-09 17:03:43,111 [INFO] [NoneStorage] - performing DELETE at /RCO3Z4/myobjects186
2024-03-09 17:03:43,114 [INFO] [NoneStorage] - performing DELETE at /RCO3Z9/myobjects165
2024-03-09 17:03:43,291 [INFO] [NoneStorage] - performing DELETE at /RCO3Z3/myobjects159
2024-03-09 17:03:43,339 [INFO] [NoneStorage] - performing DELETE at /RCO3Z11/myobjects180
2024-03-09 17:03:43,392 [INFO] [NoneStorage] - performing DELETE at /RCO3Z10/myobjects153
2024-03-09 17:03:43,435 [INFO] [NoneStorage] - performing DELETE at /RCO3Z1/myobjects144
2024-03-09 17:03:43,494 [INFO] [NoneStorage] - performing DELETE at /RCO3Z13/myobjects169
2024-03-09 17:03:43,542 [INFO] [NoneStorage] - performing DELETE at /RCO3Z6/myobjects19
2024-03-09 17:03:43,543 [INFO] [NoneStorage] - performing DELETE at /RCO3Z2/myobjects171
2024-03-09 17:03:43,581 [INFO] [NoneStorage] - performing DELETE at /RCO3Z5/myobjects200
2024-03-09 17:03:43,721 [INFO] [NoneStorage] - performing DELETE at /RCO3Z4/myobjects199
2024-03-09 17:03:43,791 [INFO] [NoneStorage] - performing DELETE at /RCO3Z9/myobjects178
2024-03-09 17:03:43,793 [INFO] [NoneStorage] - performing DELETE at /RCO3Z8/myobjects21
2024-03-09 17:03:43,794 [INFO] [NoneStorage] - performing DELETE at /RCO3Z10/myobjects166
2024-03-09 17:03:43,794 [INFO] [NoneStorage] - performing DELETE at /RCO3Z3/myobjects16
2024-03-09 17:03:43,805 [INFO] [NoneStorage] - performing DELETE at /RCO3Z12/myobjects181
2024-03-09 17:03:43,868 [INFO] [NoneStorage] - performing DELETE at /RCO3Z2/myobjects184
2024-03-09 17:03:43,909 [INFO] [NoneStorage] - performing DELETE at /RCO3Z5/myobjects213
2024-03-09 17:03:43,970 [INFO] [NoneStorage] - performing DELETE at /RCO3Z13/myobjects182
2024-03-09 17:03:43,984 [INFO] [NoneStorage] - performing DELETE at /RCO3Z7/myobjects20
2024-03-09 17:03:44,293 [INFO] [NoneStorage] - performing DELETE at /RCO3Z1/myobjects157
2024-03-09 17:03:44,299 [INFO] [NoneStorage] - performing DELETE at /RCO3Z11/myobjects193
2024-03-09 17:03:44,356 [INFO] [NoneStorage] - performing DELETE at /RCO3Z10/myobjects179
2024-03-09 17:03:44,359 [INFO] [NoneStorage] - performing DELETE at /RCO3Z4/myobjects212
2024-03-09 17:03:44,416 [INFO] [NoneStorage] - performing DELETE at /RCO3Z2/myobjects197
2024-03-09 17:03:44,417 [INFO] [NoneStorage] - performing DELETE at /RCO3Z9/myobjects191
2024-03-09 17:03:44,465 [INFO] [NoneStorage] - performing DELETE at /RCO3Z5/myobjects226
2024-03-09 17:03:44,471 [INFO] [NoneStorage] - performing DELETE at /RCO3Z6/myobjects201
2024-03-09 17:03:44,486 [INFO] [NoneStorage] - performing DELETE at /RCO3Z12/myobjects194
2024-03-09 17:03:44,505 [INFO] [NoneStorage] - performing DELETE at /RCO3Z13/myobjects195
2024-03-09 17:03:44,543 [INFO] [NoneStorage] - performing DELETE at /RCO3Z3/myobjects172
2024-03-09 17:03:44,634 [INFO] [NoneStorage] - performing DELETE at /RCO3Z8/myobjects216
2024-03-09 17:03:44,685 [INFO] [NoneStorage] - performing DELETE at /RCO3Z1/myobjects170
2024-03-09 17:03:44,779 [INFO] [NoneStorage] - performing DELETE at /RCO3Z10/myobjects192
2024-03-09 17:03:44,855 [INFO] [NoneStorage] - performing DELETE at /RCO3Z2/myobjects2
2024-03-09 17:03:44,889 [INFO] [NoneStorage] - performing DELETE at /RCO3Z4/myobjects225
2024-03-09 17:03:44,894 [INFO] [NoneStorage] - performing DELETE at /RCO3Z11/myobjects206
2024-03-09 17:03:44,948 [INFO] [NoneStorage] - performing DELETE at /RCO3Z3/myobjects185
2024-03-09 17:03:45,005 [INFO] [NoneStorage] - performing DELETE at /RCO3Z5/myobjects239
2024-03-09 17:03:45,007 [INFO] [NoneStorage] - performing DELETE at /RCO3Z12/myobjects207
2024-03-09 17:03:45,007 [INFO] [NoneStorage] - performing DELETE at /RCO3Z7/myobjects202
2024-03-09 17:03:45,065 [INFO] [NoneStorage] - performing DELETE at /RCO3Z1/myobjects183
2024-03-09 17:03:45,067 [INFO] [NoneStorage] - performing DELETE at /RCO3Z8/myobjects229
2024-03-09 17:03:45,279 [INFO] [NoneStorage] - performing DELETE at /RCO3Z2/myobjects210
2024-03-09 17:03:45,391 [INFO] [NoneStorage] - performing DELETE at /RCO3Z9/myobjects204
2024-03-09 17:03:45,438 [INFO] [NoneStorage] - performing DELETE at /RCO3Z7/myobjects215
2024-03-09 17:03:45,449 [INFO] [NoneStorage] - performing DELETE at /RCO3Z13/myobjects208
2024-03-09 17:03:45,473 [INFO] [NoneStorage] - performing DELETE at /RCO3Z5/myobjects252
2024-03-09 17:03:45,584 [INFO] [NoneStorage] - performing DELETE at /RCO3Z1/myobjects196
2024-03-09 17:03:45,584 [INFO] [NoneStorage] - performing DELETE at /RCO3Z2/myobjects223
2024-03-09 17:03:45,587 [INFO] [NoneStorage] - performing DELETE at /RCO3Z8/myobjects242
2024-03-09 17:03:45,588 [INFO] [NoneStorage] - performing DELETE at /RCO3Z12/myobjects220
2024-03-09 17:03:45,634 [INFO] [NoneStorage] - performing DELETE at /RCO3Z6/myobjects214
2024-03-09 17:03:45,691 [INFO] [NoneStorage] - performing DELETE at /RCO3Z10/myobjects205
2024-03-09 17:03:45,802 [INFO] [NoneStorage] - performing DELETE at /RCO3Z11/myobjects219
2024-03-09 17:03:45,870 [INFO] [NoneStorage] - performing DELETE at /RCO3Z4/myobjects238
2024-03-09 17:03:45,877 [INFO] [NoneStorage] - performing DELETE at /RCO3Z3/myobjects198
2024-03-09 17:03:46,024 [INFO] [NoneStorage] - performing DELETE at /RCO3Z5/myobjects265
2024-03-09 17:03:46,084 [INFO] [NoneStorage] - performing DELETE at /RCO3Z2/myobjects236
2024-03-09 17:03:46,113 [INFO] [NoneStorage] - performing DELETE at /RCO3Z1/myobjects209
2024-03-09 17:03:46,316 [INFO] [NoneStorage] - performing DELETE at /RCO3Z13/myobjects221
2024-03-09 17:03:46,331 [INFO] [NoneStorage] - performing DELETE at /RCO3Z9/myobjects217
2024-03-09 17:03:46,367 [INFO] [NoneStorage] - performing DELETE at /RCO3Z10/myobjects218
2024-03-09 17:03:46,416 [INFO] [NoneStorage] - performing DELETE at /RCO3Z12/myobjects233
2024-03-09 17:03:46,437 [INFO] [NoneStorage] - performing DELETE at /RCO3Z8/myobjects255
2024-03-09 17:03:46,470 [INFO] [NoneStorage] - performing DELETE at /RCO3Z4/myobjects251
2024-03-09 17:03:46,518 [INFO] [NoneStorage] - performing DELETE at /RCO3Z7/myobjects228
2024-03-09 17:03:46,634 [INFO] [NoneStorage] - performing DELETE at /RCO3Z3/myobjects211
2024-03-09 17:03:46,634 [INFO] [NoneStorage] - performing DELETE at /RCO3Z2/myobjects249
2024-03-09 17:03:46,726 [INFO] [NoneStorage] - performing DELETE at /RCO3Z5/myobjects278
2024-03-09 17:03:46,795 [INFO] [NoneStorage] - performing DELETE at /RCO3Z1/myobjects222
2024-03-09 17:03:46,858 [INFO] [NoneStorage] - performing DELETE at /RCO3Z12/myobjects246
2024-03-09 17:03:46,882 [INFO] [NoneStorage] - performing DELETE at /RCO3Z9/myobjects22
2024-03-09 17:03:46,897 [INFO] [NoneStorage] - performing DELETE at /RCO3Z11/myobjects232
2024-03-09 17:03:46,930 [INFO] [NoneStorage] - performing DELETE at /RCO3Z10/myobjects23
2024-03-09 17:03:46,933 [INFO] [NoneStorage] - performing DELETE at /RCO3Z8/myobjects268
2024-03-09 17:03:47,056 [INFO] [NoneStorage] - performing DELETE at /RCO3Z6/myobjects227
2024-03-09 17:03:47,212 [INFO] [NoneStorage] - performing DELETE at /RCO3Z3/myobjects224
2024-03-09 17:03:47,215 [INFO] [NoneStorage] - performing DELETE at /RCO3Z2/myobjects262
2024-03-09 17:03:47,270 [INFO] [NoneStorage] - performing DELETE at /RCO3Z4/myobjects264
2024-03-09 17:03:47,275 [INFO] [NoneStorage] - performing DELETE at /RCO3Z5/myobjects291
2024-03-09 17:03:47,281 [INFO] [NoneStorage] - performing DELETE at /RCO3Z7/myobjects241
2024-03-09 17:03:47,324 [INFO] [NoneStorage] - performing DELETE at /RCO3Z9/myobjects230
2024-03-09 17:03:47,401 [INFO] [NoneStorage] - performing DELETE at /RCO3Z13/myobjects234
2024-03-09 17:03:47,476 [INFO] [NoneStorage] - performing DELETE at /RCO3Z11/myobjects24
2024-03-09 17:03:47,478 [INFO] [NoneStorage] - performing DELETE at /RCO3Z8/myobjects281
2024-03-09 17:03:47,714 [INFO] [NoneStorage] - performing DELETE at /RCO3Z1/myobjects235
2024-03-09 17:03:47,785 [INFO] [NoneStorage] - performing DELETE at /RCO3Z7/myobjects254
2024-03-09 17:03:47,787 [INFO] [NoneStorage] - performing DELETE at /RCO3Z2/myobjects275
2024-03-09 17:03:47,787 [INFO] [NoneStorage] - performing DELETE at /RCO3Z5/myobjects31
2024-03-09 17:03:47,826 [INFO] [NoneStorage] - performing DELETE at /RCO3Z10/myobjects231
2024-03-09 17:03:47,826 [INFO] [NoneStorage] - performing DELETE at /RCO3Z12/myobjects25
2024-03-09 17:03:47,850 [INFO] [NoneStorage] - performing DELETE at /RCO3Z8/myobjects294
2024-03-09 17:03:47,866 [INFO] [NoneStorage] - performing DELETE at /RCO3Z9/myobjects243
2024-03-09 17:03:48,062 [INFO] [NoneStorage] - performing DELETE at /RCO3Z4/myobjects277
2024-03-09 17:03:48,089 [INFO] [NoneStorage] - performing DELETE at /RCO3Z13/myobjects247
2024-03-09 17:03:48,091 [INFO] [NoneStorage] - performing DELETE at /RCO3Z6/myobjects240
2024-03-09 17:03:48,163 [INFO] [NoneStorage] - performing DELETE at /RCO3Z1/myobjects248
2024-03-09 17:03:48,263 [INFO] [NoneStorage] - performing DELETE at /RCO3Z5/myobjects44
2024-03-09 17:03:48,269 [INFO] [NoneStorage] - performing DELETE at /RCO3Z12/myobjects259
2024-03-09 17:03:48,354 [INFO] [NoneStorage] - performing DELETE at /RCO3Z11/myobjects245
2024-03-09 17:03:48,389 [INFO] [NoneStorage] - performing DELETE at /RCO3Z2/myobjects28
2024-03-09 17:03:48,390 [INFO] [NoneStorage] - performing DELETE at /RCO3Z8/myobjects34
2024-03-09 17:03:48,440 [INFO] [NoneStorage] - performing DELETE at /RCO3Z3/myobjects237
2024-03-09 17:03:48,661 [INFO] [NoneStorage] - performing DELETE at /RCO3Z7/myobjects267
2024-03-09 17:03:48,701 [INFO] [NoneStorage] - performing DELETE at /RCO3Z2/myobjects288
2024-03-09 17:03:48,789 [INFO] [NoneStorage] - performing DELETE at /RCO3Z6/myobjects253
2024-03-09 17:03:48,836 [INFO] [NoneStorage] - performing DELETE at /RCO3Z12/myobjects272
2024-03-09 17:03:48,882 [INFO] [NoneStorage] - performing DELETE at /RCO3Z9/myobjects256
2024-03-09 17:03:48,911 [INFO] [NoneStorage] - performing DELETE at /RCO3Z10/myobjects244
2024-03-09 17:03:48,924 [INFO] [NoneStorage] - performing DELETE at /RCO3Z4/myobjects290
2024-03-09 17:03:48,928 [INFO] [NoneStorage] - performing DELETE at /RCO3Z5/myobjects5
2024-03-09 17:03:48,928 [INFO] [NoneStorage] - performing DELETE at /RCO3Z11/myobjects258
2024-03-09 17:03:48,944 [INFO] [NoneStorage] - performing DELETE at /RCO3Z1/myobjects261
2024-03-09 17:03:49,006 [INFO] [NoneStorage] - performing DELETE at /RCO3Z2/myobjects41
2024-03-09 17:03:49,048 [INFO] [NoneStorage] - performing DELETE at /RCO3Z8/myobjects47
2024-03-09 17:03:49,243 [INFO] [NoneStorage] - performing DELETE at /RCO3Z13/myobjects26
2024-03-09 17:03:49,348 [INFO] [NoneStorage] - performing DELETE at /RCO3Z5/myobjects57
2024-03-09 17:03:49,359 [INFO] [NoneStorage] - performing DELETE at /RCO3Z9/myobjects269
2024-03-09 17:03:49,360 [INFO] [NoneStorage] - performing DELETE at /RCO3Z7/myobjects280
2024-03-09 17:03:49,463 [INFO] [NoneStorage] - performing DELETE at /RCO3Z3/myobjects250
2024-03-09 17:03:49,466 [INFO] [NoneStorage] - performing DELETE at /RCO3Z8/myobjects60
2024-03-09 17:03:49,467 [INFO] [NoneStorage] - performing DELETE at /RCO3Z2/myobjects54
2024-03-09 17:03:49,643 [INFO] [NoneStorage] - performing DELETE at /RCO3Z12/myobjects285
2024-03-09 17:03:49,673 [INFO] [NoneStorage] - performing DELETE at /RCO3Z6/myobjects266
2024-03-09 17:03:49,748 [INFO] [NoneStorage] - performing DELETE at /RCO3Z4/myobjects30
2024-03-09 17:03:49,749 [INFO] [NoneStorage] - performing DELETE at /RCO3Z7/myobjects293
2024-03-09 17:03:49,752 [INFO] [NoneStorage] - performing DELETE at /RCO3Z11/myobjects271
2024-03-09 17:03:49,758 [INFO] [NoneStorage] - performing DELETE at /RCO3Z10/myobjects257
2024-03-09 17:03:49,793 [INFO] [NoneStorage] - performing DELETE at /RCO3Z2/myobjects67
2024-03-09 17:03:49,805 [INFO] [NoneStorage] - performing DELETE at /RCO3Z3/myobjects263
2024-03-09 17:03:49,807 [INFO] [NoneStorage] - performing DELETE at /RCO3Z8/myobjects73
2024-03-09 17:03:49,836 [INFO] [NoneStorage] - performing DELETE at /RCO3Z5/myobjects70
2024-03-09 17:03:49,847 [INFO] [NoneStorage] - performing DELETE at /RCO3Z1/myobjects27
2024-03-09 17:03:49,984 [INFO] [NoneStorage] - performing DELETE at /RCO3Z12/myobjects38
2024-03-09 17:03:50,106 [INFO] [NoneStorage] - performing DELETE at /RCO3Z13/myobjects260
2024-03-09 17:03:50,109 [INFO] [NoneStorage] - performing DELETE at /RCO3Z2/myobjects80
2024-03-09 17:03:50,109 [INFO] [NoneStorage] - performing DELETE at /RCO3Z11/myobjects284
2024-03-09 17:03:50,112 [INFO] [NoneStorage] - performing DELETE at /RCO3Z9/myobjects282
2024-03-09 17:03:50,186 [INFO] [NoneStorage] - performing DELETE at /RCO3Z8/myobjects8
2024-03-09 17:03:50,398 [INFO] [NoneStorage] - performing DELETE at /RCO3Z5/myobjects83
2024-03-09 17:03:50,455 [INFO] [NoneStorage] - performing DELETE at /RCO3Z3/myobjects276
2024-03-09 17:03:50,505 [INFO] [NoneStorage] - performing DELETE at /RCO3Z2/myobjects93
2024-03-09 17:03:50,510 [INFO] [NoneStorage] - performing DELETE at /RCO3Z13/myobjects273
2024-03-09 17:03:50,511 [INFO] [NoneStorage] - performing DELETE at /RCO3Z9/myobjects295
2024-03-09 17:03:50,522 [INFO] [NoneStorage] - performing DELETE at /RCO3Z1/myobjects274
2024-03-09 17:03:50,545 [INFO] [NoneStorage] - performing DELETE at /RCO3Z7/myobjects33
2024-03-09 17:03:50,570 [INFO] [NoneStorage] - performing DELETE at /RCO3Z11/myobjects37
2024-03-09 17:03:50,596 [INFO] [NoneStorage] - performing DELETE at /RCO3Z6/myobjects279
2024-03-09 17:03:50,601 [INFO] [NoneStorage] - performing DELETE at /RCO3Z12/myobjects51
2024-03-09 17:03:50,608 [INFO] [NoneStorage] - performing DELETE at /RCO3Z4/myobjects4
2024-03-09 17:03:50,640 [INFO] [NoneStorage] - performing DELETE at /RCO3Z5/myobjects96
2024-03-09 17:03:50,640 [INFO] [NoneStorage] - performing DELETE at /RCO3Z8/myobjects86
2024-03-09 17:03:50,679 [INFO] [NoneStorage] - performing DELETE at /RCO3Z3/myobjects289
2024-03-09 17:03:50,767 [INFO] [NoneStorage] - performing DELETE at /RCO3Z10/myobjects270
2024-03-09 17:03:50,825 [INFO] [NoneStorage] - performing DELETE at /RCO3Z2
2024-03-09 17:03:50,915 [INFO] [NoneStorage] - performing DELETE at /RCO3Z9/myobjects35
2024-03-09 17:03:50,931 [INFO] [NoneStorage] - performing DELETE at /RCO3Z8/myobjects99
2024-03-09 17:03:51,051 [INFO] [NoneStorage] - performing DELETE at /RCO3Z4/myobjects43
2024-03-09 17:03:51,054 [INFO] [NoneStorage] - performing DELETE at /RCO3Z5
2024-03-09 17:03:51,257 [INFO] [NoneStorage] - performing DELETE at /RCO3Z11/myobjects50
2024-03-09 17:03:51,263 [INFO] [NoneStorage] - performing DELETE at /RCO3Z7/myobjects46
2024-03-09 17:03:51,282 [INFO] [NoneStorage] - performing DELETE at /RCO3Z13/myobjects286
2024-03-09 17:03:51,294 [INFO] [NoneStorage] - performing DELETE at /RCO3Z1/myobjects287
2024-03-09 17:03:51,313 [INFO] [NoneStorage] - performing DELETE at /RCO3Z8
2024-03-09 17:03:51,398 [INFO] [NoneStorage] - performing DELETE at /RCO3Z12/myobjects64
2024-03-09 17:03:51,401 [INFO] [NoneStorage] - performing DELETE at /RCO3Z3/myobjects29
2024-03-09 17:03:51,403 [INFO] [NoneStorage] - performing DELETE at /RCO3Z10/myobjects283
2024-03-09 17:03:51,431 [INFO] [NoneStorage] - performing DELETE at /RCO3Z6/myobjects292
2024-03-09 17:03:51,749 [INFO] [NoneStorage] - performing DELETE at /RCO3Z7/myobjects59
2024-03-09 17:03:51,841 [INFO] [NoneStorage] - performing DELETE at /RCO3Z1/myobjects40
2024-03-09 17:03:51,842 [INFO] [NoneStorage] - performing DELETE at /RCO3Z10/myobjects296
2024-03-09 17:03:51,866 [INFO] [NoneStorage] - performing DELETE at /RCO3Z4/myobjects56
2024-03-09 17:03:51,913 [INFO] [NoneStorage] - performing DELETE at /RCO3Z6/myobjects32
2024-03-09 17:03:51,942 [INFO] [NoneStorage] - performing DELETE at /RCO3Z3/myobjects3
2024-03-09 17:03:51,947 [INFO] [NoneStorage] - performing DELETE at /RCO3Z12/myobjects77
2024-03-09 17:03:52,056 [INFO] [NoneStorage] - performing DELETE at /RCO3Z9/myobjects48
2024-03-09 17:03:52,126 [INFO] [NoneStorage] - performing DELETE at /RCO3Z11/myobjects63
2024-03-09 17:03:52,246 [INFO] [NoneStorage] - performing DELETE at /RCO3Z13/myobjects39
2024-03-09 17:03:52,306 [INFO] [NoneStorage] - performing DELETE at /RCO3Z4/myobjects69
2024-03-09 17:03:52,385 [INFO] [NoneStorage] - performing DELETE at /RCO3Z7/myobjects7
2024-03-09 17:03:52,620 [INFO] [NoneStorage] - performing DELETE at /RCO3Z3/myobjects42
2024-03-09 17:03:52,633 [INFO] [NoneStorage] - performing DELETE at /RCO3Z1/myobjects53
2024-03-09 17:03:52,636 [INFO] [NoneStorage] - performing DELETE at /RCO3Z12/myobjects90
2024-03-09 17:03:52,687 [INFO] [NoneStorage] - performing DELETE at /RCO3Z10/myobjects36
2024-03-09 17:03:52,809 [INFO] [NoneStorage] - performing DELETE at /RCO3Z4/myobjects82
2024-03-09 17:03:52,936 [INFO] [NoneStorage] - performing DELETE at /RCO3Z6/myobjects45
2024-03-09 17:03:52,989 [INFO] [NoneStorage] - performing DELETE at /RCO3Z11/myobjects76
2024-03-09 17:03:53,096 [INFO] [NoneStorage] - performing DELETE at /RCO3Z1/myobjects66
2024-03-09 17:03:53,257 [INFO] [NoneStorage] - performing DELETE at /RCO3Z13/myobjects52
2024-03-09 17:03:53,280 [INFO] [NoneStorage] - performing DELETE at /RCO3Z9/myobjects61
2024-03-09 17:03:53,295 [INFO] [NoneStorage] - performing DELETE at /RCO3Z6/myobjects58
2024-03-09 17:03:53,373 [INFO] [NoneStorage] - performing DELETE at /RCO3Z7/myobjects72
2024-03-09 17:03:53,469 [INFO] [NoneStorage] - performing DELETE at /RCO3Z3/myobjects55
2024-03-09 17:03:53,598 [INFO] [NoneStorage] - performing DELETE at /RCO3Z4/myobjects95
2024-03-09 17:03:53,622 [INFO] [NoneStorage] - performing DELETE at /RCO3Z12
2024-03-09 17:03:53,622 [INFO] [NoneStorage] - performing DELETE at /RCO3Z10/myobjects49
2024-03-09 17:03:53,880 [INFO] [NoneStorage] - performing DELETE at /RCO3Z1/myobjects79
2024-03-09 17:03:53,997 [INFO] [NoneStorage] - performing DELETE at /RCO3Z3/myobjects68
2024-03-09 17:03:54,003 [INFO] [NoneStorage] - performing DELETE at /RCO3Z4
2024-03-09 17:03:54,005 [INFO] [NoneStorage] - performing DELETE at /RCO3Z7/myobjects85
2024-03-09 17:03:54,123 [INFO] [NoneStorage] - performing DELETE at /RCO3Z1/myobjects92
2024-03-09 17:03:54,200 [INFO] [NoneStorage] - performing DELETE at /RCO3Z11/myobjects89
2024-03-09 17:03:54,202 [INFO] [NoneStorage] - performing DELETE at /RCO3Z13/myobjects65
2024-03-09 17:03:54,295 [INFO] [NoneStorage] - performing DELETE at /RCO3Z6/myobjects6
2024-03-09 17:03:54,404 [INFO] [NoneStorage] - performing DELETE at /RCO3Z9/myobjects74
2024-03-09 17:03:54,488 [INFO] [NoneStorage] - performing DELETE at /RCO3Z3/myobjects81
2024-03-09 17:03:54,492 [INFO] [NoneStorage] - performing DELETE at /RCO3Z7/myobjects98
2024-03-09 17:03:54,612 [INFO] [NoneStorage] - performing DELETE at /RCO3Z6/myobjects71
2024-03-09 17:03:54,620 [INFO] [NoneStorage] - performing DELETE at /RCO3Z10/myobjects62
2024-03-09 17:03:54,775 [INFO] [NoneStorage] - performing DELETE at /RCO3Z9/myobjects87
2024-03-09 17:03:54,941 [INFO] [NoneStorage] - performing DELETE at /RCO3Z11
2024-03-09 17:03:55,003 [INFO] [NoneStorage] - performing DELETE at /RCO3Z13/myobjects78
2024-03-09 17:03:55,003 [INFO] [NoneStorage] - performing DELETE at /RCO3Z1
2024-03-09 17:03:55,092 [INFO] [NoneStorage] - performing DELETE at /RCO3Z10/myobjects75
2024-03-09 17:03:55,095 [INFO] [NoneStorage] - performing DELETE at /RCO3Z9/myobjects9
2024-03-09 17:03:55,126 [INFO] [NoneStorage] - performing DELETE at /RCO3Z3/myobjects94
2024-03-09 17:03:55,161 [INFO] [NoneStorage] - performing DELETE at /RCO3Z6/myobjects84
2024-03-09 17:03:55,390 [INFO] [NoneStorage] - performing DELETE at /RCO3Z10/myobjects88
2024-03-09 17:03:55,449 [INFO] [NoneStorage] - performing DELETE at /RCO3Z7
2024-03-09 17:03:55,700 [INFO] [NoneStorage] - performing DELETE at /RCO3Z10
2024-03-09 17:03:55,706 [INFO] [NoneStorage] - performing DELETE at /RCO3Z3
2024-03-09 17:03:55,724 [INFO] [NoneStorage] - performing DELETE at /RCO3Z13/myobjects91
2024-03-09 17:03:55,890 [INFO] [NoneStorage] - performing DELETE at /RCO3Z9
2024-03-09 17:03:55,959 [INFO] [NoneStorage] - performing DELETE at /RCO3Z6/myobjects97
2024-03-09 17:03:56,499 [INFO] [NoneStorage] - performing DELETE at /RCO3Z13
2024-03-09 17:03:56,569 [INFO] [NoneStorage] - performing DELETE at /RCO3Z6
